[0.439s] Invoking command in '/home/joao/Navigation/build/sllidar_ros2': CMAKE_PREFIX_PATH=${CMAKE_PREFIX_PATH}:/home/joao/Navigation/install/udh1_mapping:/home/joao/Navigation/install/serial_com_py:/home/joao/Navigation/install/my_robot_bringup:/opt/ros/humble ROS_DOMAIN_ID=58 /usr/bin/cmake --build /home/joao/Navigation/build/sllidar_ros2 -- -j16 -l16
[0.516s] [ 10%] Built target sllidar_client
[0.518s] [100%] Built target sllidar_node
[0.657s] Invoked command in '/home/joao/Navigation/build/sllidar_ros2' returned '0': CMAKE_PREFIX_PATH=${CMAKE_PREFIX_PATH}:/home/joao/Navigation/install/udh1_mapping:/home/joao/Navigation/install/serial_com_py:/home/joao/Navigation/install/my_robot_bringup:/opt/ros/humble ROS_DOMAIN_ID=58 /usr/bin/cmake --build /home/joao/Navigation/build/sllidar_ros2 -- -j16 -l16
[0.667s] Invoking command in '/home/joao/Navigation/build/sllidar_ros2': CMAKE_PREFIX_PATH=${CMAKE_PREFIX_PATH}:/home/joao/Navigation/install/udh1_mapping:/home/joao/Navigation/install/serial_com_py:/home/joao/Navigation/install/my_robot_bringup:/opt/ros/humble ROS_DOMAIN_ID=58 /usr/bin/cmake --install /home/joao/Navigation/build/sllidar_ros2
[0.674s] -- Install configuration: ""
[0.674s] -- Execute custom install script
[0.675s] -- Up-to-date symlink: /home/joao/Navigation/install/sllidar_ros2/share/sllidar_ros2/launch/sllidar_a1_launch.py
[0.675s] -- Up-to-date symlink: /home/joao/Navigation/install/sllidar_ros2/share/sllidar_ros2/launch/sllidar_a2m12_launch .py
[0.675s] -- Up-to-date symlink: /home/joao/Navigation/install/sllidar_ros2/share/sllidar_ros2/launch/sllidar_a2m7_launch.py
[0.675s] -- Up-to-date symlink: /home/joao/Navigation/install/sllidar_ros2/share/sllidar_ros2/launch/sllidar_a2m8_launch.py
[0.675s] -- Up-to-date symlink: /home/joao/Navigation/install/sllidar_ros2/share/sllidar_ros2/launch/sllidar_a3_launch.py
[0.675s] -- Up-to-date symlink: /home/joao/Navigation/install/sllidar_ros2/share/sllidar_ros2/launch/sllidar_c1_launch.py
[0.675s] -- Up-to-date symlink: /home/joao/Navigation/install/sllidar_ros2/share/sllidar_ros2/launch/sllidar_s1_launch.py
[0.676s] -- Up-to-date symlink: /home/joao/Navigation/install/sllidar_ros2/share/sllidar_ros2/launch/sllidar_s1_tcp_launch.py
[0.676s] -- Up-to-date symlink: /home/joao/Navigation/install/sllidar_ros2/share/sllidar_ros2/launch/sllidar_s2_launch.py
[0.676s] -- Up-to-date symlink: /home/joao/Navigation/install/sllidar_ros2/share/sllidar_ros2/launch/sllidar_s2e_launch.py
[0.676s] -- Up-to-date symlink: /home/joao/Navigation/install/sllidar_ros2/share/sllidar_ros2/launch/sllidar_s3_launch.py
[0.676s] -- Up-to-date symlink: /home/joao/Navigation/install/sllidar_ros2/share/sllidar_ros2/launch/sllidar_t1_launch.py
[0.676s] -- Up-to-date symlink: /home/joao/Navigation/install/sllidar_ros2/share/sllidar_ros2/launch/view_sllidar_a1_launch.py
[0.676s] -- Up-to-date symlink: /home/joao/Navigation/install/sllidar_ros2/share/sllidar_ros2/launch/view_sllidar_a2m12_launch.py
[0.676s] -- Up-to-date symlink: /home/joao/Navigation/install/sllidar_ros2/share/sllidar_ros2/launch/view_sllidar_a2m7_launch.py
[0.677s] -- Up-to-date symlink: /home/joao/Navigation/install/sllidar_ros2/share/sllidar_ros2/launch/view_sllidar_a2m8_launch.py
[0.677s] -- Up-to-date symlink: /home/joao/Navigation/install/sllidar_ros2/share/sllidar_ros2/launch/view_sllidar_a3_launch.py
[0.677s] -- Up-to-date symlink: /home/joao/Navigation/install/sllidar_ros2/share/sllidar_ros2/launch/view_sllidar_c1_launch.py
[0.677s] -- Up-to-date symlink: /home/joao/Navigation/install/sllidar_ros2/share/sllidar_ros2/launch/view_sllidar_s1_launch.py
[0.677s] -- Up-to-date symlink: /home/joao/Navigation/install/sllidar_ros2/share/sllidar_ros2/launch/view_sllidar_s1_tcp_launch.py
[0.677s] -- Up-to-date symlink: /home/joao/Navigation/install/sllidar_ros2/share/sllidar_ros2/launch/view_sllidar_s2_launch.py
[0.678s] -- Up-to-date symlink: /home/joao/Navigation/install/sllidar_ros2/share/sllidar_ros2/launch/view_sllidar_s2e_launch.py
[0.678s] -- Up-to-date symlink: /home/joao/Navigation/install/sllidar_ros2/share/sllidar_ros2/launch/view_sllidar_s3_launch.py
[0.678s] -- Up-to-date symlink: /home/joao/Navigation/install/sllidar_ros2/share/sllidar_ros2/launch/view_sllidar_t1_launch.py
[0.678s] -- Up-to-date symlink: /home/joao/Navigation/install/sllidar_ros2/share/sllidar_ros2/rviz/sllidar_ros2.rviz
[0.678s] -- Up-to-date symlink: /home/joao/Navigation/install/sllidar_ros2/lib/sllidar_ros2/sllidar_node
[0.678s] -- Up-to-date symlink: /home/joao/Navigation/install/sllidar_ros2/lib/sllidar_ros2/sllidar_client
[0.678s] -- Up-to-date symlink: /home/joao/Navigation/install/sllidar_ros2/share/ament_index/resource_index/package_run_dependencies/sllidar_ros2
[0.678s] -- Up-to-date symlink: /home/joao/Navigation/install/sllidar_ros2/share/ament_index/resource_index/parent_prefix_path/sllidar_ros2
[0.678s] -- Up-to-date symlink: /home/joao/Navigation/install/sllidar_ros2/share/sllidar_ros2/environment/ament_prefix_path.sh
[0.679s] -- Up-to-date symlink: /home/joao/Navigation/install/sllidar_ros2/share/sllidar_ros2/environment/ament_prefix_path.dsv
[0.679s] -- Up-to-date symlink: /home/joao/Navigation/install/sllidar_ros2/share/sllidar_ros2/environment/path.sh
[0.679s] -- Up-to-date symlink: /home/joao/Navigation/install/sllidar_ros2/share/sllidar_ros2/environment/path.dsv
[0.679s] -- Up-to-date symlink: /home/joao/Navigation/install/sllidar_ros2/share/sllidar_ros2/local_setup.bash
[0.679s] -- Up-to-date symlink: /home/joao/Navigation/install/sllidar_ros2/share/sllidar_ros2/local_setup.sh
[0.679s] -- Up-to-date symlink: /home/joao/Navigation/install/sllidar_ros2/share/sllidar_ros2/local_setup.zsh
[0.679s] -- Up-to-date symlink: /home/joao/Navigation/install/sllidar_ros2/share/sllidar_ros2/local_setup.dsv
[0.679s] -- Symlinking: /home/joao/Navigation/install/sllidar_ros2/share/sllidar_ros2/package.dsv
[0.688s] -- Up-to-date symlink: /home/joao/Navigation/install/sllidar_ros2/share/ament_index/resource_index/packages/sllidar_ros2
[0.688s] -- Up-to-date symlink: /home/joao/Navigation/install/sllidar_ros2/share/sllidar_ros2/cmake/ament_cmake_export_dependencies-extras.cmake
[0.688s] -- Up-to-date symlink: /home/joao/Navigation/install/sllidar_ros2/share/sllidar_ros2/cmake/ament_cmake_export_include_directories-extras.cmake
[0.689s] -- Up-to-date symlink: /home/joao/Navigation/install/sllidar_ros2/share/sllidar_ros2/cmake/sllidar_ros2Config.cmake
[0.689s] -- Up-to-date symlink: /home/joao/Navigation/install/sllidar_ros2/share/sllidar_ros2/cmake/sllidar_ros2Config-version.cmake
[0.689s] -- Up-to-date symlink: /home/joao/Navigation/install/sllidar_ros2/share/sllidar_ros2/package.xml
[0.692s] Invoked command in '/home/joao/Navigation/build/sllidar_ros2' returned '0': CMAKE_PREFIX_PATH=${CMAKE_PREFIX_PATH}:/home/joao/Navigation/install/udh1_mapping:/home/joao/Navigation/install/serial_com_py:/home/joao/Navigation/install/my_robot_bringup:/opt/ros/humble ROS_DOMAIN_ID=58 /usr/bin/cmake --install /home/joao/Navigation/build/sllidar_ros2
