[1.001s] Invoking command in '/home/joao/Navigation/build/my_robot_bringup': PYTHONPATH=/home/joao/Navigation/build/my_robot_bringup/prefix_override:/usr/lib/python3/dist-packages/colcon_core/task/python/colcon_distutils_commands:/home/joao/Navigation/install/my_robot_bringup/lib/python3.10/site-packages:${PYTHONPATH} ROS_DOMAIN_ID=41 /usr/bin/python3 -W ignore:setup.py install is deprecated -W ignore:easy_install command is deprecated setup.py develop --editable --build-directory /home/joao/Navigation/build/my_robot_bringup/build --no-deps symlink_data --force
[1.225s] running develop
[1.362s] running egg_info
[1.362s] writing my_robot_bringup.egg-info/PKG-INFO
[1.362s] writing dependency_links to my_robot_bringup.egg-info/dependency_links.txt
[1.363s] writing entry points to my_robot_bringup.egg-info/entry_points.txt
[1.363s] writing requirements to my_robot_bringup.egg-info/requires.txt
[1.363s] writing top-level names to my_robot_bringup.egg-info/top_level.txt
[1.364s] reading manifest file 'my_robot_bringup.egg-info/SOURCES.txt'
[1.364s] writing manifest file 'my_robot_bringup.egg-info/SOURCES.txt'
[1.365s] running build_ext
[1.366s] Creating /home/joao/Navigation/install/my_robot_bringup/lib/python3.10/site-packages/my-robot-bringup.egg-link (link to .)
[1.366s] Installing base_driver script to /home/joao/Navigation/install/my_robot_bringup/lib/my_robot_bringup
[1.366s] Installing base_driver_pulse script to /home/joao/Navigation/install/my_robot_bringup/lib/my_robot_bringup
[1.367s] 
[1.367s] Installed /home/joao/Navigation/build/my_robot_bringup
[1.367s] running symlink_data
[1.367s] symbolically linking /home/joao/Navigation/build/my_robot_bringup/resource/my_robot_bringup -> /home/joao/Navigation/install/my_robot_bringup/share/ament_index/resource_index/packages
[1.367s] symbolically linking /home/joao/Navigation/build/my_robot_bringup/package.xml -> /home/joao/Navigation/install/my_robot_bringup/share/my_robot_bringup
[1.367s] symbolically linking /home/joao/Navigation/build/my_robot_bringup/launch/udh1_core.launch.py -> /home/joao/Navigation/install/my_robot_bringup/share/my_robot_bringup/launch
[1.367s] symbolically linking /home/joao/Navigation/build/my_robot_bringup/launch/navigation.launch.py -> /home/joao/Navigation/install/my_robot_bringup/share/my_robot_bringup/launch
[1.367s] symbolically linking /home/joao/Navigation/build/my_robot_bringup/launch/navigation_realsense.launch.py -> /home/joao/Navigation/install/my_robot_bringup/share/my_robot_bringup/launch
[1.368s] symbolically linking /home/joao/Navigation/build/my_robot_bringup/launch/udh1_core_maping_pulse.launch.py -> /home/joao/Navigation/install/my_robot_bringup/share/my_robot_bringup/launch
[1.368s] symbolically linking /home/joao/Navigation/build/my_robot_bringup/launch/robot.launch.py -> /home/joao/Navigation/install/my_robot_bringup/share/my_robot_bringup/launch
[1.368s] symbolically linking /home/joao/Navigation/build/my_robot_bringup/launch/visualizar_mapa.launch.py -> /home/joao/Navigation/install/my_robot_bringup/share/my_robot_bringup/launch
[1.368s] symbolically linking /home/joao/Navigation/build/my_robot_bringup/launch/udh1_core_maping.launch.py -> /home/joao/Navigation/install/my_robot_bringup/share/my_robot_bringup/launch
[1.368s] symbolically linking /home/joao/Navigation/build/my_robot_bringup/rviz/nav2_udh1.rviz -> /home/joao/Navigation/install/my_robot_bringup/share/my_robot_bringup/rviz
[1.401s] Invoked command in '/home/joao/Navigation/build/my_robot_bringup' returned '0': PYTHONPATH=/home/joao/Navigation/build/my_robot_bringup/prefix_override:/usr/lib/python3/dist-packages/colcon_core/task/python/colcon_distutils_commands:/home/joao/Navigation/install/my_robot_bringup/lib/python3.10/site-packages:${PYTHONPATH} ROS_DOMAIN_ID=41 /usr/bin/python3 -W ignore:setup.py install is deprecated -W ignore:easy_install command is deprecated setup.py develop --editable --build-directory /home/joao/Navigation/build/my_robot_bringup/build --no-deps symlink_data --force
