[0.526s] Invoking command in '/home/joao/Navigation/build/serial_com_py': PYTHONPATH=/home/joao/Navigation/build/serial_com_py/prefix_override:/usr/lib/python3/dist-packages/colcon_core/task/python/colcon_distutils_commands:/home/joao/Navigation/install/serial_com_py/lib/python3.10/site-packages:${PYTHONPATH} /usr/bin/python3 -W ignore:setup.py install is deprecated -W ignore:easy_install command is deprecated setup.py develop --uninstall --editable --build-directory /home/joao/Navigation/build/serial_com_py/build
[0.720s] running develop
[0.851s] Removing /home/joao/Navigation/install/serial_com_py/lib/python3.10/site-packages/serial-com-py.egg-link (link to .)
[0.873s] Invoked command in '/home/joao/Navigation/build/serial_com_py' returned '0': PYTHONPATH=/home/joao/Navigation/build/serial_com_py/prefix_override:/usr/lib/python3/dist-packages/colcon_core/task/python/colcon_distutils_commands:/home/joao/Navigation/install/serial_com_py/lib/python3.10/site-packages:${PYTHONPATH} /usr/bin/python3 -W ignore:setup.py install is deprecated -W ignore:easy_install command is deprecated setup.py develop --uninstall --editable --build-directory /home/joao/Navigation/build/serial_com_py/build
[0.874s] Invoking command in '/home/joao/Navigation/src/serial_com_py': PYTHONPATH=/home/joao/Navigation/build/serial_com_py/prefix_override:/usr/lib/python3/dist-packages/colcon_core/task/python/colcon_distutils_commands:/home/joao/Navigation/install/serial_com_py/lib/python3.10/site-packages:${PYTHONPATH} /usr/bin/python3 -W ignore:setup.py install is deprecated -W ignore:easy_install command is deprecated setup.py egg_info --egg-base ../../build/serial_com_py build --build-base /home/joao/Navigation/build/serial_com_py/build install --record /home/joao/Navigation/build/serial_com_py/install.log --single-version-externally-managed install_data --force
[1.046s] running egg_info
[1.046s] writing ../../build/serial_com_py/serial_com_py.egg-info/PKG-INFO
[1.046s] writing dependency_links to ../../build/serial_com_py/serial_com_py.egg-info/dependency_links.txt
[1.046s] writing entry points to ../../build/serial_com_py/serial_com_py.egg-info/entry_points.txt
[1.047s] writing requirements to ../../build/serial_com_py/serial_com_py.egg-info/requires.txt
[1.047s] writing top-level names to ../../build/serial_com_py/serial_com_py.egg-info/top_level.txt
[1.048s] reading manifest file '../../build/serial_com_py/serial_com_py.egg-info/SOURCES.txt'
[1.049s] writing manifest file '../../build/serial_com_py/serial_com_py.egg-info/SOURCES.txt'
[1.049s] running build
[1.049s] running build_py
[1.049s] copying serial_com_py/distance_watchdog.py -> /home/joao/Navigation/build/serial_com_py/build/lib/serial_com_py
[1.049s] running install
[1.049s] running install_lib
[1.050s] creating /home/joao/Navigation/install/serial_com_py/lib/python3.10/site-packages/serial_com_py
[1.050s] copying /home/joao/Navigation/build/serial_com_py/build/lib/serial_com_py/__init__.py -> /home/joao/Navigation/install/serial_com_py/lib/python3.10/site-packages/serial_com_py
[1.050s] copying /home/joao/Navigation/build/serial_com_py/build/lib/serial_com_py/base_driver_pulse.py -> /home/joao/Navigation/install/serial_com_py/lib/python3.10/site-packages/serial_com_py
[1.050s] copying /home/joao/Navigation/build/serial_com_py/build/lib/serial_com_py/base_driver.py -> /home/joao/Navigation/install/serial_com_py/lib/python3.10/site-packages/serial_com_py
[1.050s] copying /home/joao/Navigation/build/serial_com_py/build/lib/serial_com_py/distance_watchdog.py -> /home/joao/Navigation/install/serial_com_py/lib/python3.10/site-packages/serial_com_py
[1.050s] byte-compiling /home/joao/Navigation/install/serial_com_py/lib/python3.10/site-packages/serial_com_py/__init__.py to __init__.cpython-310.pyc
[1.050s] byte-compiling /home/joao/Navigation/install/serial_com_py/lib/python3.10/site-packages/serial_com_py/base_driver_pulse.py to base_driver_pulse.cpython-310.pyc
[1.052s] byte-compiling /home/joao/Navigation/install/serial_com_py/lib/python3.10/site-packages/serial_com_py/base_driver.py to base_driver.cpython-310.pyc
[1.052s] byte-compiling /home/joao/Navigation/install/serial_com_py/lib/python3.10/site-packages/serial_com_py/distance_watchdog.py to distance_watchdog.cpython-310.pyc
[1.053s] running install_data
[1.053s] copying resource/serial_com_py -> /home/joao/Navigation/install/serial_com_py/share/ament_index/resource_index/packages
[1.053s] copying package.xml -> /home/joao/Navigation/install/serial_com_py/share/serial_com_py
[1.053s] creating /home/joao/Navigation/install/serial_com_py/share/serial_com_py/config
[1.053s] copying config/watchdog_params.yaml -> /home/joao/Navigation/install/serial_com_py/share/serial_com_py/config
[1.053s] running install_egg_info
[1.054s] Copying ../../build/serial_com_py/serial_com_py.egg-info to /home/joao/Navigation/install/serial_com_py/lib/python3.10/site-packages/serial_com_py-0.0.0-py3.10.egg-info
[1.055s] running install_scripts
[1.069s] Installing base_driver script to /home/joao/Navigation/install/serial_com_py/lib/serial_com_py
[1.069s] Installing base_driver_pulse script to /home/joao/Navigation/install/serial_com_py/lib/serial_com_py
[1.069s] Installing distance_watchdog script to /home/joao/Navigation/install/serial_com_py/lib/serial_com_py
[1.070s] writing list of installed files to '/home/joao/Navigation/build/serial_com_py/install.log'
[1.088s] Invoked command in '/home/joao/Navigation/src/serial_com_py' returned '0': PYTHONPATH=/home/joao/Navigation/build/serial_com_py/prefix_override:/usr/lib/python3/dist-packages/colcon_core/task/python/colcon_distutils_commands:/home/joao/Navigation/install/serial_com_py/lib/python3.10/site-packages:${PYTHONPATH} /usr/bin/python3 -W ignore:setup.py install is deprecated -W ignore:easy_install command is deprecated setup.py egg_info --egg-base ../../build/serial_com_py build --build-base /home/joao/Navigation/build/serial_com_py/build install --record /home/joao/Navigation/build/serial_com_py/install.log --single-version-externally-managed install_data --force
