[0.395s] Invoking command in '/home/joao/Navigation/build/udh1_description': CMAKE_PREFIX_PATH=/opt/ros/humble ROS_DOMAIN_ID=74 /usr/bin/cmake /home/joao/Navigation/src/udh1_description -DCMAKE_INSTALL_PREFIX=/home/joao/Navigation/install/udh1_description
[0.471s] -- The C compiler identification is GNU 11.4.0
[0.547s] -- The CXX compiler identification is GNU 11.4.0
[0.555s] -- Detecting C compiler ABI info
[0.621s] -- Detecting C compiler ABI info - done
[0.627s] -- Check for working C compiler: /usr/bin/cc - skipped
[0.627s] -- Detecting C compile features
[0.628s] -- Detecting C compile features - done
[0.630s] -- Detecting CXX compiler ABI info
[0.707s] -- Detecting CXX compiler ABI info - done
[0.713s] -- Check for working CXX compiler: /usr/bin/c++ - skipped
[0.713s] -- Detecting CXX compile features
[0.713s] -- Detecting CXX compile features - done
[0.716s] -- Found ament_cmake: 1.3.14 (/opt/ros/humble/share/ament_cmake/cmake)
[0.843s] -- Found Python3: /usr/bin/python3 (found version "3.10.12") found components: Interpreter 
[0.936s] -- Found ament_lint_auto: 0.12.15 (/opt/ros/humble/share/ament_lint_auto/cmake)
[1.002s] -- Added test 'flake8' to check Python code syntax and style conventions
[1.003s] -- Added test 'lint_cmake' to check CMake code style
[1.003s] -- Added test 'pep257' to check Python code against some of the docstring style conventions in PEP 257
[1.004s] -- Added test 'xmllint' to check XML markup files
[1.005s] -- Configuring done
[1.007s] -- Generating done
[1.009s] -- Build files have been written to: /home/joao/Navigation/build/udh1_description
[1.014s] Invoked command in '/home/joao/Navigation/build/udh1_description' returned '0': CMAKE_PREFIX_PATH=/opt/ros/humble ROS_DOMAIN_ID=74 /usr/bin/cmake /home/joao/Navigation/src/udh1_description -DCMAKE_INSTALL_PREFIX=/home/joao/Navigation/install/udh1_description
[1.015s] Invoking command in '/home/joao/Navigation/build/udh1_description': CMAKE_PREFIX_PATH=/opt/ros/humble ROS_DOMAIN_ID=74 /usr/bin/cmake --build /home/joao/Navigation/build/udh1_description -- -j16 -l16
[1.051s] Invoked command in '/home/joao/Navigation/build/udh1_description' returned '0': CMAKE_PREFIX_PATH=/opt/ros/humble ROS_DOMAIN_ID=74 /usr/bin/cmake --build /home/joao/Navigation/build/udh1_description -- -j16 -l16
[1.061s] Invoking command in '/home/joao/Navigation/build/udh1_description': CMAKE_PREFIX_PATH=/opt/ros/humble ROS_DOMAIN_ID=74 /usr/bin/cmake --install /home/joao/Navigation/build/udh1_description
[1.068s] -- Install configuration: ""
[1.068s] -- Installing: /home/joao/Navigation/install/udh1_description/share/udh1_description/urdf
[1.068s] -- Installing: /home/joao/Navigation/install/udh1_description/share/udh1_description/urdf/udh1.urdf
[1.069s] -- Installing: /home/joao/Navigation/install/udh1_description/share/udh1_description/launch
[1.069s] -- Installing: /home/joao/Navigation/install/udh1_description/share/udh1_description/launch/display.launch.py
[1.069s] -- Installing: /home/joao/Navigation/install/udh1_description/share/udh1_description/rviz
[1.069s] -- Installing: /home/joao/Navigation/install/udh1_description/share/udh1_description/rviz/udh1_config.rviz
[1.069s] [31mCMake Error at cmake_install.cmake:46 (file):
[1.069s]   file INSTALL cannot find
[1.069s]   "/home/joao/Navigation/src/udh1_description/meshes": No such file or
[1.069s]   directory.
[1.069s] 
[1.069s] [0m
[1.070s] Invoked command in '/home/joao/Navigation/build/udh1_description' returned '1': CMAKE_PREFIX_PATH=/opt/ros/humble ROS_DOMAIN_ID=74 /usr/bin/cmake --install /home/joao/Navigation/build/udh1_description
