[0.407s] Invoking command in '/home/joao/Navigation/build/udh1_description': CMAKE_PREFIX_PATH=/opt/ros/humble ROS_DOMAIN_ID=61 /usr/bin/cmake /home/joao/Navigation/src/udh1_description -DCMAKE_INSTALL_PREFIX=/home/joao/Navigation/install/udh1_description
[0.416s] -- Found ament_cmake: 1.3.14 (/opt/ros/humble/share/ament_cmake/cmake)
[0.512s] -- Override CMake install command with custom implementation using symlinks instead of copying resources
[0.517s] -- Found ament_lint_auto: 0.12.15 (/opt/ros/humble/share/ament_lint_auto/cmake)
[0.570s] -- Added test 'flake8' to check Python code syntax and style conventions
[0.570s] -- Added test 'lint_cmake' to check CMake code style
[0.570s] -- Added test 'pep257' to check Python code against some of the docstring style conventions in PEP 257
[0.571s] -- Added test 'xmllint' to check XML markup files
[0.572s] -- Configuring done
[0.574s] -- Generating done
[0.575s] -- Build files have been written to: /home/joao/Navigation/build/udh1_description
[0.621s] Invoked command in '/home/joao/Navigation/build/udh1_description' returned '0': CMAKE_PREFIX_PATH=/opt/ros/humble ROS_DOMAIN_ID=61 /usr/bin/cmake /home/joao/Navigation/src/udh1_description -DCMAKE_INSTALL_PREFIX=/home/joao/Navigation/install/udh1_description
[0.623s] Invoking command in '/home/joao/Navigation/build/udh1_description': CMAKE_PREFIX_PATH=/opt/ros/humble ROS_DOMAIN_ID=61 /usr/bin/cmake --build /home/joao/Navigation/build/udh1_description -- -j16 -l16
[0.660s] Invoked command in '/home/joao/Navigation/build/udh1_description' returned '0': CMAKE_PREFIX_PATH=/opt/ros/humble ROS_DOMAIN_ID=61 /usr/bin/cmake --build /home/joao/Navigation/build/udh1_description -- -j16 -l16
[0.671s] Invoking command in '/home/joao/Navigation/build/udh1_description': CMAKE_PREFIX_PATH=/opt/ros/humble ROS_DOMAIN_ID=61 /usr/bin/cmake --install /home/joao/Navigation/build/udh1_description
[0.679s] -- Install configuration: ""
[0.679s] -- Execute custom install script
[0.679s] -- Up-to-date symlink: /home/joao/Navigation/install/udh1_description/share/udh1_description/urdf/udh1.urdf
[0.679s] -- Up-to-date symlink: /home/joao/Navigation/install/udh1_description/share/udh1_description/launch/display.launch.py
[0.680s] -- Up-to-date symlink: /home/joao/Navigation/install/udh1_description/share/udh1_description/rviz/udh1_config.rviz
[0.680s] -- Symlinking: /home/joao/Navigation/install/udh1_description/share/ament_index/resource_index/package_run_dependencies/udh1_description
[0.690s] -- Symlinking: /home/joao/Navigation/install/udh1_description/share/ament_index/resource_index/parent_prefix_path/udh1_description
[0.698s] -- Symlinking: /home/joao/Navigation/install/udh1_description/share/udh1_description/environment/ament_prefix_path.sh
[0.707s] -- Symlinking: /home/joao/Navigation/install/udh1_description/share/udh1_description/environment/ament_prefix_path.dsv
[0.715s] -- Symlinking: /home/joao/Navigation/install/udh1_description/share/udh1_description/environment/path.sh
[0.724s] -- Symlinking: /home/joao/Navigation/install/udh1_description/share/udh1_description/environment/path.dsv
[0.732s] -- Symlinking: /home/joao/Navigation/install/udh1_description/share/udh1_description/local_setup.bash
[0.741s] -- Symlinking: /home/joao/Navigation/install/udh1_description/share/udh1_description/local_setup.sh
[0.750s] -- Symlinking: /home/joao/Navigation/install/udh1_description/share/udh1_description/local_setup.zsh
[0.758s] -- Symlinking: /home/joao/Navigation/install/udh1_description/share/udh1_description/local_setup.dsv
[0.767s] -- Symlinking: /home/joao/Navigation/install/udh1_description/share/udh1_description/package.dsv
[0.775s] -- Symlinking: /home/joao/Navigation/install/udh1_description/share/ament_index/resource_index/packages/udh1_description
[0.785s] -- Symlinking: /home/joao/Navigation/install/udh1_description/share/udh1_description/cmake/udh1_descriptionConfig.cmake
[0.795s] -- Symlinking: /home/joao/Navigation/install/udh1_description/share/udh1_description/cmake/udh1_descriptionConfig-version.cmake
[0.804s] -- Symlinking: /home/joao/Navigation/install/udh1_description/share/udh1_description/package.xml
[0.816s] Invoked command in '/home/joao/Navigation/build/udh1_description' returned '0': CMAKE_PREFIX_PATH=/opt/ros/humble ROS_DOMAIN_ID=61 /usr/bin/cmake --install /home/joao/Navigation/build/udh1_description
