[0.014s] Invoking command in '/home/joao/Navigation/build/udh1_gazebo': AMENT_PREFIX_PATH=/home/joao/Navigation/install/udh1_description:${AMENT_PREFIX_PATH} CMAKE_PREFIX_PATH=/home/joao/Navigation/install/udh1_description:/opt/ros/humble /usr/bin/cmake /home/joao/Navigation/src/udh1_gazebo -DCMAKE_INSTALL_PREFIX=/home/joao/Navigation/install/udh1_gazebo
[0.036s] -- Found ament_cmake: 1.3.14 (/opt/ros/humble/share/ament_cmake/cmake)
[0.143s] -- Override CMake install command with custom implementation using symlinks instead of copying resources
[0.215s] -- Configuring done
[0.219s] -- Generating done
[0.220s] -- Build files have been written to: /home/joao/Navigation/build/udh1_gazebo
[0.224s] Invoked command in '/home/joao/Navigation/build/udh1_gazebo' returned '0': AMENT_PREFIX_PATH=/home/joao/Navigation/install/udh1_description:${AMENT_PREFIX_PATH} CMAKE_PREFIX_PATH=/home/joao/Navigation/install/udh1_description:/opt/ros/humble /usr/bin/cmake /home/joao/Navigation/src/udh1_gazebo -DCMAKE_INSTALL_PREFIX=/home/joao/Navigation/install/udh1_gazebo
[0.227s] Invoking command in '/home/joao/Navigation/build/udh1_gazebo': AMENT_PREFIX_PATH=/home/joao/Navigation/install/udh1_description:${AMENT_PREFIX_PATH} CMAKE_PREFIX_PATH=/home/joao/Navigation/install/udh1_description:/opt/ros/humble /usr/bin/cmake --build /home/joao/Navigation/build/udh1_gazebo -- -j16 -l16
[0.273s] Invoked command in '/home/joao/Navigation/build/udh1_gazebo' returned '0': AMENT_PREFIX_PATH=/home/joao/Navigation/install/udh1_description:${AMENT_PREFIX_PATH} CMAKE_PREFIX_PATH=/home/joao/Navigation/install/udh1_description:/opt/ros/humble /usr/bin/cmake --build /home/joao/Navigation/build/udh1_gazebo -- -j16 -l16
[0.296s] Invoking command in '/home/joao/Navigation/build/udh1_gazebo': AMENT_PREFIX_PATH=/home/joao/Navigation/install/udh1_description:${AMENT_PREFIX_PATH} CMAKE_PREFIX_PATH=/home/joao/Navigation/install/udh1_description:/opt/ros/humble /usr/bin/cmake --install /home/joao/Navigation/build/udh1_gazebo
[0.311s] -- Install configuration: ""
[0.312s] -- Execute custom install script
[0.313s] -- Up-to-date symlink: /home/joao/Navigation/install/udh1_gazebo/share/udh1_gazebo/launch/gazebo.launch.py
[0.313s] -- Up-to-date symlink: /home/joao/Navigation/install/udh1_gazebo/share/udh1_gazebo/launch/gazebo_nav2.launch.py
[0.313s] -- Up-to-date symlink: /home/joao/Navigation/install/udh1_gazebo/share/udh1_gazebo/worlds/udh1_world.world
[0.313s] -- Up-to-date symlink: /home/joao/Navigation/install/udh1_gazebo/share/udh1_gazebo/rviz/udh1_gazebo.rviz
[0.313s] -- Up-to-date symlink: /home/joao/Navigation/install/udh1_gazebo/share/ament_index/resource_index/package_run_dependencies/udh1_gazebo
[0.314s] -- Up-to-date symlink: /home/joao/Navigation/install/udh1_gazebo/share/ament_index/resource_index/parent_prefix_path/udh1_gazebo
[0.314s] -- Up-to-date symlink: /home/joao/Navigation/install/udh1_gazebo/share/udh1_gazebo/environment/ament_prefix_path.sh
[0.314s] -- Up-to-date symlink: /home/joao/Navigation/install/udh1_gazebo/share/udh1_gazebo/environment/ament_prefix_path.dsv
[0.314s] -- Up-to-date symlink: /home/joao/Navigation/install/udh1_gazebo/share/udh1_gazebo/environment/path.sh
[0.314s] -- Up-to-date symlink: /home/joao/Navigation/install/udh1_gazebo/share/udh1_gazebo/environment/path.dsv
[0.314s] -- Up-to-date symlink: /home/joao/Navigation/install/udh1_gazebo/share/udh1_gazebo/local_setup.bash
[0.315s] -- Up-to-date symlink: /home/joao/Navigation/install/udh1_gazebo/share/udh1_gazebo/local_setup.sh
[0.315s] -- Up-to-date symlink: /home/joao/Navigation/install/udh1_gazebo/share/udh1_gazebo/local_setup.zsh
[0.315s] -- Up-to-date symlink: /home/joao/Navigation/install/udh1_gazebo/share/udh1_gazebo/local_setup.dsv
[0.315s] -- Symlinking: /home/joao/Navigation/install/udh1_gazebo/share/udh1_gazebo/package.dsv
[0.330s] -- Up-to-date symlink: /home/joao/Navigation/install/udh1_gazebo/share/ament_index/resource_index/packages/udh1_gazebo
[0.330s] -- Up-to-date symlink: /home/joao/Navigation/install/udh1_gazebo/share/udh1_gazebo/cmake/udh1_gazeboConfig.cmake
[0.330s] -- Up-to-date symlink: /home/joao/Navigation/install/udh1_gazebo/share/udh1_gazebo/cmake/udh1_gazeboConfig-version.cmake
[0.331s] -- Up-to-date symlink: /home/joao/Navigation/install/udh1_gazebo/share/udh1_gazebo/package.xml
[0.336s] Invoked command in '/home/joao/Navigation/build/udh1_gazebo' returned '0': AMENT_PREFIX_PATH=/home/joao/Navigation/install/udh1_description:${AMENT_PREFIX_PATH} CMAKE_PREFIX_PATH=/home/joao/Navigation/install/udh1_description:/opt/ros/humble /usr/bin/cmake --install /home/joao/Navigation/build/udh1_gazebo
