[1.012s] Invoking command in '/home/joao/Navigation/src/serial_com_py': PYTHONPATH=/home/joao/Navigation/build/serial_com_py/prefix_override:/usr/lib/python3/dist-packages/colcon_core/task/python/colcon_distutils_commands:/home/joao/Navigation/install/serial_com_py/lib/python3.10/site-packages:${PYTHONPATH} ROS_DOMAIN_ID=99 /usr/bin/python3 -W ignore:setup.py install is deprecated -W ignore:easy_install command is deprecated setup.py egg_info --egg-base ../../build/serial_com_py build --build-base /home/joao/Navigation/build/serial_com_py/build install --record /home/joao/Navigation/build/serial_com_py/install.log --single-version-externally-managed install_data
[1.469s] running egg_info
[1.472s] writing ../../build/serial_com_py/serial_com_py.egg-info/PKG-INFO
[1.473s] writing dependency_links to ../../build/serial_com_py/serial_com_py.egg-info/dependency_links.txt
[1.473s] writing entry points to ../../build/serial_com_py/serial_com_py.egg-info/entry_points.txt
[1.473s] writing requirements to ../../build/serial_com_py/serial_com_py.egg-info/requires.txt
[1.473s] writing top-level names to ../../build/serial_com_py/serial_com_py.egg-info/top_level.txt
[1.481s] reading manifest file '../../build/serial_com_py/serial_com_py.egg-info/SOURCES.txt'
[1.482s] writing manifest file '../../build/serial_com_py/serial_com_py.egg-info/SOURCES.txt'
[1.483s] running build
[1.483s] running build_py
[1.483s] running install
[1.483s] running install_lib
[1.483s] running install_data
[1.483s] running install_egg_info
[1.488s] removing '/home/joao/Navigation/install/serial_com_py/lib/python3.10/site-packages/serial_com_py-0.0.0-py3.10.egg-info' (and everything under it)
[1.488s] Copying ../../build/serial_com_py/serial_com_py.egg-info to /home/joao/Navigation/install/serial_com_py/lib/python3.10/site-packages/serial_com_py-0.0.0-py3.10.egg-info
[1.489s] running install_scripts
[1.527s] Installing base_driver script to /home/joao/Navigation/install/serial_com_py/lib/serial_com_py
[1.527s] Installing base_driver_pulse script to /home/joao/Navigation/install/serial_com_py/lib/serial_com_py
[1.531s] writing list of installed files to '/home/joao/Navigation/build/serial_com_py/install.log'
[1.606s] Invoked command in '/home/joao/Navigation/src/serial_com_py' returned '0': PYTHONPATH=/home/joao/Navigation/build/serial_com_py/prefix_override:/usr/lib/python3/dist-packages/colcon_core/task/python/colcon_distutils_commands:/home/joao/Navigation/install/serial_com_py/lib/python3.10/site-packages:${PYTHONPATH} ROS_DOMAIN_ID=99 /usr/bin/python3 -W ignore:setup.py install is deprecated -W ignore:easy_install command is deprecated setup.py egg_info --egg-base ../../build/serial_com_py build --build-base /home/joao/Navigation/build/serial_com_py/build install --record /home/joao/Navigation/build/serial_com_py/install.log --single-version-externally-managed install_data
