[0.207s] Invoking command in '/home/joao/Navigation/build/udh1_gazebo': AMENT_PREFIX_PATH=/home/joao/Navigation/install/udh1_description:${AMENT_PREFIX_PATH} CMAKE_PREFIX_PATH=/home/joao/Navigation/install/udh1_description:/opt/ros/humble ROS_DOMAIN_ID=223 /usr/bin/cmake --build /home/joao/Navigation/build/udh1_gazebo -- -j16 -l16
[0.251s] Invoked command in '/home/joao/Navigation/build/udh1_gazebo' returned '0': AMENT_PREFIX_PATH=/home/joao/Navigation/install/udh1_description:${AMENT_PREFIX_PATH} CMAKE_PREFIX_PATH=/home/joao/Navigation/install/udh1_description:/opt/ros/humble ROS_DOMAIN_ID=223 /usr/bin/cmake --build /home/joao/Navigation/build/udh1_gazebo -- -j16 -l16
[0.262s] Invoking command in '/home/joao/Navigation/build/udh1_gazebo': AMENT_PREFIX_PATH=/home/joao/Navigation/install/udh1_description:${AMENT_PREFIX_PATH} CMAKE_PREFIX_PATH=/home/joao/Navigation/install/udh1_description:/opt/ros/humble ROS_DOMAIN_ID=223 /usr/bin/cmake --install /home/joao/Navigation/build/udh1_gazebo
[0.270s] -- Install configuration: ""
[0.270s] -- Execute custom install script
[0.271s] -- Up-to-date symlink: /home/joao/Navigation/install/udh1_gazebo/share/udh1_gazebo/launch/gazebo.launch.py
[0.271s] -- Up-to-date symlink: /home/joao/Navigation/install/udh1_gazebo/share/udh1_gazebo/launch/gazebo_nav2.launch.py
[0.271s] -- Up-to-date symlink: /home/joao/Navigation/install/udh1_gazebo/share/udh1_gazebo/worlds/udh1_world.world
[0.271s] -- Up-to-date symlink: /home/joao/Navigation/install/udh1_gazebo/share/udh1_gazebo/rviz/udh1_gazebo.rviz
[0.271s] -- Up-to-date symlink: /home/joao/Navigation/install/udh1_gazebo/share/ament_index/resource_index/package_run_dependencies/udh1_gazebo
[0.271s] -- Up-to-date symlink: /home/joao/Navigation/install/udh1_gazebo/share/ament_index/resource_index/parent_prefix_path/udh1_gazebo
[0.271s] -- Up-to-date symlink: /home/joao/Navigation/install/udh1_gazebo/share/udh1_gazebo/environment/ament_prefix_path.sh
[0.271s] -- Up-to-date symlink: /home/joao/Navigation/install/udh1_gazebo/share/udh1_gazebo/environment/ament_prefix_path.dsv
[0.271s] -- Up-to-date symlink: /home/joao/Navigation/install/udh1_gazebo/share/udh1_gazebo/environment/path.sh
[0.272s] -- Up-to-date symlink: /home/joao/Navigation/install/udh1_gazebo/share/udh1_gazebo/environment/path.dsv
[0.272s] -- Up-to-date symlink: /home/joao/Navigation/install/udh1_gazebo/share/udh1_gazebo/local_setup.bash
[0.272s] -- Up-to-date symlink: /home/joao/Navigation/install/udh1_gazebo/share/udh1_gazebo/local_setup.sh
[0.272s] -- Up-to-date symlink: /home/joao/Navigation/install/udh1_gazebo/share/udh1_gazebo/local_setup.zsh
[0.272s] -- Up-to-date symlink: /home/joao/Navigation/install/udh1_gazebo/share/udh1_gazebo/local_setup.dsv
[0.272s] -- Symlinking: /home/joao/Navigation/install/udh1_gazebo/share/udh1_gazebo/package.dsv
[0.282s] -- Up-to-date symlink: /home/joao/Navigation/install/udh1_gazebo/share/ament_index/resource_index/packages/udh1_gazebo
[0.283s] -- Up-to-date symlink: /home/joao/Navigation/install/udh1_gazebo/share/udh1_gazebo/cmake/udh1_gazeboConfig.cmake
[0.283s] -- Up-to-date symlink: /home/joao/Navigation/install/udh1_gazebo/share/udh1_gazebo/cmake/udh1_gazeboConfig-version.cmake
[0.283s] -- Up-to-date symlink: /home/joao/Navigation/install/udh1_gazebo/share/udh1_gazebo/package.xml
[0.285s] Invoked command in '/home/joao/Navigation/build/udh1_gazebo' returned '0': AMENT_PREFIX_PATH=/home/joao/Navigation/install/udh1_description:${AMENT_PREFIX_PATH} CMAKE_PREFIX_PATH=/home/joao/Navigation/install/udh1_description:/opt/ros/humble ROS_DOMAIN_ID=223 /usr/bin/cmake --install /home/joao/Navigation/build/udh1_gazebo
