[1.020s] Invoking command in '/home/joao/Navigation/src/my_robot_bringup': PYTHONPATH=/home/joao/Navigation/build/my_robot_bringup/prefix_override:/usr/lib/python3/dist-packages/colcon_core/task/python/colcon_distutils_commands:/home/joao/Navigation/install/my_robot_bringup/lib/python3.10/site-packages:${PYTHONPATH} ROS_DOMAIN_ID=57 /usr/bin/python3 -W ignore:setup.py install is deprecated -W ignore:easy_install command is deprecated setup.py egg_info --egg-base ../../build/my_robot_bringup build --build-base /home/joao/Navigation/build/my_robot_bringup/build install --record /home/joao/Navigation/build/my_robot_bringup/install.log --single-version-externally-managed install_data
[1.394s] running egg_info
[1.394s] writing ../../build/my_robot_bringup/my_robot_bringup.egg-info/PKG-INFO
[1.394s] writing dependency_links to ../../build/my_robot_bringup/my_robot_bringup.egg-info/dependency_links.txt
[1.398s] writing entry points to ../../build/my_robot_bringup/my_robot_bringup.egg-info/entry_points.txt
[1.398s] writing requirements to ../../build/my_robot_bringup/my_robot_bringup.egg-info/requires.txt
[1.398s] writing top-level names to ../../build/my_robot_bringup/my_robot_bringup.egg-info/top_level.txt
[1.398s] reading manifest file '../../build/my_robot_bringup/my_robot_bringup.egg-info/SOURCES.txt'
[1.401s] writing manifest file '../../build/my_robot_bringup/my_robot_bringup.egg-info/SOURCES.txt'
[1.402s] running build
[1.402s] running build_py
[1.402s] running install
[1.402s] running install_lib
[1.406s] running install_data
[1.406s] running install_egg_info
[1.408s] removing '/home/joao/Navigation/install/my_robot_bringup/lib/python3.10/site-packages/my_robot_bringup-0.0.0-py3.10.egg-info' (and everything under it)
[1.408s] Copying ../../build/my_robot_bringup/my_robot_bringup.egg-info to /home/joao/Navigation/install/my_robot_bringup/lib/python3.10/site-packages/my_robot_bringup-0.0.0-py3.10.egg-info
[1.412s] running install_scripts
[1.445s] Installing base_driver script to /home/joao/Navigation/install/my_robot_bringup/lib/my_robot_bringup
[1.445s] Installing base_driver_pulse script to /home/joao/Navigation/install/my_robot_bringup/lib/my_robot_bringup
[1.446s] writing list of installed files to '/home/joao/Navigation/build/my_robot_bringup/install.log'
[1.535s] Invoked command in '/home/joao/Navigation/src/my_robot_bringup' returned '0': PYTHONPATH=/home/joao/Navigation/build/my_robot_bringup/prefix_override:/usr/lib/python3/dist-packages/colcon_core/task/python/colcon_distutils_commands:/home/joao/Navigation/install/my_robot_bringup/lib/python3.10/site-packages:${PYTHONPATH} ROS_DOMAIN_ID=57 /usr/bin/python3 -W ignore:setup.py install is deprecated -W ignore:easy_install command is deprecated setup.py egg_info --egg-base ../../build/my_robot_bringup build --build-base /home/joao/Navigation/build/my_robot_bringup/build install --record /home/joao/Navigation/build/my_robot_bringup/install.log --single-version-externally-managed install_data
