[0.029s] Invoking command in '/home/joao/Navigation/build/udh1_description': CMAKE_PREFIX_PATH=${CMAKE_PREFIX_PATH}:/home/joao/Navigation/install/udh1_mapping:/home/joao/Navigation/install/serial_com_py:/home/joao/Navigation/install/my_robot_bringup:/opt/ros/humble ROS_DOMAIN_ID=59 /usr/bin/cmake /home/joao/Navigation/src/udh1_description -DAMENT_CMAKE_SYMLINK_INSTALL=1 -DCMAKE_INSTALL_PREFIX=/home/joao/Navigation/install/udh1_description
[0.456s] -- Found ament_cmake: 1.3.14 (/opt/ros/humble/share/ament_cmake/cmake)
[0.456s] -- Override CMake install command with custom implementation using symlinks instead of copying resources
[0.457s] -- Found ament_lint_auto: 0.12.15 (/opt/ros/humble/share/ament_lint_auto/cmake)
[0.458s] -- Added test 'flake8' to check Python code syntax and style conventions
[0.458s] -- Added test 'lint_cmake' to check CMake code style
[0.458s] -- Added test 'pep257' to check Python code against some of the docstring style conventions in PEP 257
[0.458s] -- Added test 'xmllint' to check XML markup files
[0.458s] -- Configuring done
[0.458s] -- Generating done
[0.458s] -- Build files have been written to: /home/joao/Navigation/build/udh1_description
[0.667s] Invoked command in '/home/joao/Navigation/build/udh1_description' returned '0': CMAKE_PREFIX_PATH=${CMAKE_PREFIX_PATH}:/home/joao/Navigation/install/udh1_mapping:/home/joao/Navigation/install/serial_com_py:/home/joao/Navigation/install/my_robot_bringup:/opt/ros/humble ROS_DOMAIN_ID=59 /usr/bin/cmake /home/joao/Navigation/src/udh1_description -DAMENT_CMAKE_SYMLINK_INSTALL=1 -DCMAKE_INSTALL_PREFIX=/home/joao/Navigation/install/udh1_description
[0.668s] Invoking command in '/home/joao/Navigation/build/udh1_description': CMAKE_PREFIX_PATH=${CMAKE_PREFIX_PATH}:/home/joao/Navigation/install/udh1_mapping:/home/joao/Navigation/install/serial_com_py:/home/joao/Navigation/install/my_robot_bringup:/opt/ros/humble ROS_DOMAIN_ID=59 /usr/bin/cmake --build /home/joao/Navigation/build/udh1_description -- -j16 -l16
[0.706s] Invoked command in '/home/joao/Navigation/build/udh1_description' returned '0': CMAKE_PREFIX_PATH=${CMAKE_PREFIX_PATH}:/home/joao/Navigation/install/udh1_mapping:/home/joao/Navigation/install/serial_com_py:/home/joao/Navigation/install/my_robot_bringup:/opt/ros/humble ROS_DOMAIN_ID=59 /usr/bin/cmake --build /home/joao/Navigation/build/udh1_description -- -j16 -l16
[0.707s] Invoking command in '/home/joao/Navigation/build/udh1_description': CMAKE_PREFIX_PATH=${CMAKE_PREFIX_PATH}:/home/joao/Navigation/install/udh1_mapping:/home/joao/Navigation/install/serial_com_py:/home/joao/Navigation/install/my_robot_bringup:/opt/ros/humble ROS_DOMAIN_ID=59 /usr/bin/cmake --install /home/joao/Navigation/build/udh1_description
[0.715s] -- Install configuration: ""
[0.716s] -- Execute custom install script
[0.716s] -- Up-to-date symlink: /home/joao/Navigation/install/udh1_description/share/udh1_description/urdf/udh1.gazebo.xacro
[0.717s] -- Up-to-date symlink: /home/joao/Navigation/install/udh1_description/share/udh1_description/urdf/udh1.urdf.xacro
[0.717s] -- Up-to-date symlink: /home/joao/Navigation/install/udh1_description/share/udh1_description/launch/display.launch.py
[0.717s] -- Up-to-date symlink: /home/joao/Navigation/install/udh1_description/share/udh1_description/rviz/udh1_config.rviz
[0.718s] -- Up-to-date symlink: /home/joao/Navigation/install/udh1_description/share/ament_index/resource_index/package_run_dependencies/udh1_description
[0.718s] -- Up-to-date symlink: /home/joao/Navigation/install/udh1_description/share/ament_index/resource_index/parent_prefix_path/udh1_description
[0.718s] -- Up-to-date symlink: /home/joao/Navigation/install/udh1_description/share/udh1_description/environment/ament_prefix_path.sh
[0.718s] -- Up-to-date symlink: /home/joao/Navigation/install/udh1_description/share/udh1_description/environment/ament_prefix_path.dsv
[0.718s] -- Up-to-date symlink: /home/joao/Navigation/install/udh1_description/share/udh1_description/environment/path.sh
[0.719s] -- Up-to-date symlink: /home/joao/Navigation/install/udh1_description/share/udh1_description/environment/path.dsv
[0.719s] -- Up-to-date symlink: /home/joao/Navigation/install/udh1_description/share/udh1_description/local_setup.bash
[0.719s] -- Up-to-date symlink: /home/joao/Navigation/install/udh1_description/share/udh1_description/local_setup.sh
[0.719s] -- Up-to-date symlink: /home/joao/Navigation/install/udh1_description/share/udh1_description/local_setup.zsh
[0.719s] -- Up-to-date symlink: /home/joao/Navigation/install/udh1_description/share/udh1_description/local_setup.dsv
[0.719s] -- Symlinking: /home/joao/Navigation/install/udh1_description/share/udh1_description/package.dsv
[0.728s] -- Up-to-date symlink: /home/joao/Navigation/install/udh1_description/share/ament_index/resource_index/packages/udh1_description
[0.728s] -- Up-to-date symlink: /home/joao/Navigation/install/udh1_description/share/udh1_description/cmake/udh1_descriptionConfig.cmake
[0.728s] -- Up-to-date symlink: /home/joao/Navigation/install/udh1_description/share/udh1_description/cmake/udh1_descriptionConfig-version.cmake
[0.729s] -- Up-to-date symlink: /home/joao/Navigation/install/udh1_description/share/udh1_description/package.xml
[0.731s] Invoked command in '/home/joao/Navigation/build/udh1_description' returned '0': CMAKE_PREFIX_PATH=${CMAKE_PREFIX_PATH}:/home/joao/Navigation/install/udh1_mapping:/home/joao/Navigation/install/serial_com_py:/home/joao/Navigation/install/my_robot_bringup:/opt/ros/humble ROS_DOMAIN_ID=59 /usr/bin/cmake --install /home/joao/Navigation/build/udh1_description
