[0.044s] Invoking command in '/home/joao/Navigation/build/udh1_description': CMAKE_PREFIX_PATH=${CMAKE_PREFIX_PATH}:/home/joao/Navigation/install/udh1_mapping:/home/joao/Navigation/install/serial_com_py:/home/joao/Navigation/install/my_robot_bringup:/opt/ros/humble ROS_DOMAIN_ID=17 /usr/bin/cmake --build /home/joao/Navigation/build/udh1_description -- -j16 -l16
[0.693s] Invoked command in '/home/joao/Navigation/build/udh1_description' returned '0': CMAKE_PREFIX_PATH=${CMAKE_PREFIX_PATH}:/home/joao/Navigation/install/udh1_mapping:/home/joao/Navigation/install/serial_com_py:/home/joao/Navigation/install/my_robot_bringup:/opt/ros/humble ROS_DOMAIN_ID=17 /usr/bin/cmake --build /home/joao/Navigation/build/udh1_description -- -j16 -l16
[0.705s] Invoking command in '/home/joao/Navigation/build/udh1_description': CMAKE_PREFIX_PATH=${CMAKE_PREFIX_PATH}:/home/joao/Navigation/install/udh1_mapping:/home/joao/Navigation/install/serial_com_py:/home/joao/Navigation/install/my_robot_bringup:/opt/ros/humble ROS_DOMAIN_ID=17 /usr/bin/cmake --install /home/joao/Navigation/build/udh1_description
[0.714s] -- Install configuration: ""
[0.714s] -- Execute custom install script
[0.715s] -- Up-to-date symlink: /home/joao/Navigation/install/udh1_description/share/udh1_description/urdf/udh1.gazebo.xacro
[0.715s] -- Up-to-date symlink: /home/joao/Navigation/install/udh1_description/share/udh1_description/urdf/udh1.urdf.xacro
[0.715s] -- Up-to-date symlink: /home/joao/Navigation/install/udh1_description/share/udh1_description/launch/display.launch.py
[0.715s] -- Up-to-date symlink: /home/joao/Navigation/install/udh1_description/share/udh1_description/rviz/udh1_config.rviz
[0.716s] -- Up-to-date symlink: /home/joao/Navigation/install/udh1_description/share/ament_index/resource_index/package_run_dependencies/udh1_description
[0.716s] -- Up-to-date symlink: /home/joao/Navigation/install/udh1_description/share/ament_index/resource_index/parent_prefix_path/udh1_description
[0.716s] -- Up-to-date symlink: /home/joao/Navigation/install/udh1_description/share/udh1_description/environment/ament_prefix_path.sh
[0.716s] -- Up-to-date symlink: /home/joao/Navigation/install/udh1_description/share/udh1_description/environment/ament_prefix_path.dsv
[0.716s] -- Up-to-date symlink: /home/joao/Navigation/install/udh1_description/share/udh1_description/environment/path.sh
[0.716s] -- Up-to-date symlink: /home/joao/Navigation/install/udh1_description/share/udh1_description/environment/path.dsv
[0.716s] -- Up-to-date symlink: /home/joao/Navigation/install/udh1_description/share/udh1_description/local_setup.bash
[0.716s] -- Up-to-date symlink: /home/joao/Navigation/install/udh1_description/share/udh1_description/local_setup.sh
[0.716s] -- Up-to-date symlink: /home/joao/Navigation/install/udh1_description/share/udh1_description/local_setup.zsh
[0.716s] -- Up-to-date symlink: /home/joao/Navigation/install/udh1_description/share/udh1_description/local_setup.dsv
[0.716s] -- Symlinking: /home/joao/Navigation/install/udh1_description/share/udh1_description/package.dsv
[0.729s] -- Up-to-date symlink: /home/joao/Navigation/install/udh1_description/share/ament_index/resource_index/packages/udh1_description
[0.729s] -- Up-to-date symlink: /home/joao/Navigation/install/udh1_description/share/udh1_description/cmake/udh1_descriptionConfig.cmake
[0.729s] -- Up-to-date symlink: /home/joao/Navigation/install/udh1_description/share/udh1_description/cmake/udh1_descriptionConfig-version.cmake
[0.729s] -- Up-to-date symlink: /home/joao/Navigation/install/udh1_description/share/udh1_description/package.xml
[0.732s] Invoked command in '/home/joao/Navigation/build/udh1_description' returned '0': CMAKE_PREFIX_PATH=${CMAKE_PREFIX_PATH}:/home/joao/Navigation/install/udh1_mapping:/home/joao/Navigation/install/serial_com_py:/home/joao/Navigation/install/my_robot_bringup:/opt/ros/humble ROS_DOMAIN_ID=17 /usr/bin/cmake --install /home/joao/Navigation/build/udh1_description
