[0.543s] Invoking command in '/home/joao/Navigation/build/udh1_mapping': PYTHONPATH=/home/joao/Navigation/build/udh1_mapping/prefix_override:/usr/lib/python3/dist-packages/colcon_core/task/python/colcon_distutils_commands:/home/joao/Navigation/install/udh1_mapping/lib/python3.10/site-packages:${PYTHONPATH} /usr/bin/python3 -W ignore:setup.py install is deprecated -W ignore:easy_install command is deprecated setup.py develop --uninstall --editable --build-directory /home/joao/Navigation/build/udh1_mapping/build
[0.738s] running develop
[0.867s] Removing /home/joao/Navigation/install/udh1_mapping/lib/python3.10/site-packages/udh1-mapping.egg-link (link to .)
[0.896s] Invoked command in '/home/joao/Navigation/build/udh1_mapping' returned '0': PYTHONPATH=/home/joao/Navigation/build/udh1_mapping/prefix_override:/usr/lib/python3/dist-packages/colcon_core/task/python/colcon_distutils_commands:/home/joao/Navigation/install/udh1_mapping/lib/python3.10/site-packages:${PYTHONPATH} /usr/bin/python3 -W ignore:setup.py install is deprecated -W ignore:easy_install command is deprecated setup.py develop --uninstall --editable --build-directory /home/joao/Navigation/build/udh1_mapping/build
[0.898s] Invoking command in '/home/joao/Navigation/src/udh1_mapping': PYTHONPATH=/home/joao/Navigation/build/udh1_mapping/prefix_override:/usr/lib/python3/dist-packages/colcon_core/task/python/colcon_distutils_commands:/home/joao/Navigation/install/udh1_mapping/lib/python3.10/site-packages:${PYTHONPATH} /usr/bin/python3 -W ignore:setup.py install is deprecated -W ignore:easy_install command is deprecated setup.py egg_info --egg-base ../../build/udh1_mapping build --build-base /home/joao/Navigation/build/udh1_mapping/build install --record /home/joao/Navigation/build/udh1_mapping/install.log --single-version-externally-managed install_data --force
[1.077s] running egg_info
[1.078s] writing ../../build/udh1_mapping/udh1_mapping.egg-info/PKG-INFO
[1.078s] writing dependency_links to ../../build/udh1_mapping/udh1_mapping.egg-info/dependency_links.txt
[1.078s] writing entry points to ../../build/udh1_mapping/udh1_mapping.egg-info/entry_points.txt
[1.078s] writing requirements to ../../build/udh1_mapping/udh1_mapping.egg-info/requires.txt
[1.078s] writing top-level names to ../../build/udh1_mapping/udh1_mapping.egg-info/top_level.txt
[1.079s] reading manifest file '../../build/udh1_mapping/udh1_mapping.egg-info/SOURCES.txt'
[1.080s] writing manifest file '../../build/udh1_mapping/udh1_mapping.egg-info/SOURCES.txt'
[1.080s] running build
[1.080s] running build_py
[1.080s] running install
[1.080s] running install_lib
[1.081s] creating /home/joao/Navigation/install/udh1_mapping/lib/python3.10/site-packages/udh1_mapping
[1.081s] copying /home/joao/Navigation/build/udh1_mapping/build/lib/udh1_mapping/__init__.py -> /home/joao/Navigation/install/udh1_mapping/lib/python3.10/site-packages/udh1_mapping
[1.081s] byte-compiling /home/joao/Navigation/install/udh1_mapping/lib/python3.10/site-packages/udh1_mapping/__init__.py to __init__.cpython-310.pyc
[1.082s] running install_data
[1.082s] copying resource/udh1_mapping -> /home/joao/Navigation/install/udh1_mapping/share/ament_index/resource_index/packages
[1.082s] copying package.xml -> /home/joao/Navigation/install/udh1_mapping/share/udh1_mapping
[1.082s] copying launch/launch.py -> /home/joao/Navigation/install/udh1_mapping/share/udh1_mapping/launch
[1.082s] copying launch/filter_launch.py -> /home/joao/Navigation/install/udh1_mapping/share/udh1_mapping/launch
[1.082s] copying config/laser_filters.yaml -> /home/joao/Navigation/install/udh1_mapping/share/udh1_mapping/config
[1.082s] copying config/nav2_params_sim.yaml -> /home/joao/Navigation/install/udh1_mapping/share/udh1_mapping/config
[1.082s] copying config/nav2_params_realsense.yaml -> /home/joao/Navigation/install/udh1_mapping/share/udh1_mapping/config
[1.082s] copying config/mapper_params_online_async.yaml -> /home/joao/Navigation/install/udh1_mapping/share/udh1_mapping/config
[1.082s] copying config/nav2_params.yaml -> /home/joao/Navigation/install/udh1_mapping/share/udh1_mapping/config
[1.083s] running install_egg_info
[1.084s] Copying ../../build/udh1_mapping/udh1_mapping.egg-info to /home/joao/Navigation/install/udh1_mapping/lib/python3.10/site-packages/udh1_mapping-0.0.0-py3.10.egg-info
[1.085s] running install_scripts
[1.100s] writing list of installed files to '/home/joao/Navigation/build/udh1_mapping/install.log'
[1.123s] Invoked command in '/home/joao/Navigation/src/udh1_mapping' returned '0': PYTHONPATH=/home/joao/Navigation/build/udh1_mapping/prefix_override:/usr/lib/python3/dist-packages/colcon_core/task/python/colcon_distutils_commands:/home/joao/Navigation/install/udh1_mapping/lib/python3.10/site-packages:${PYTHONPATH} /usr/bin/python3 -W ignore:setup.py install is deprecated -W ignore:easy_install command is deprecated setup.py egg_info --egg-base ../../build/udh1_mapping build --build-base /home/joao/Navigation/build/udh1_mapping/build install --record /home/joao/Navigation/build/udh1_mapping/install.log --single-version-externally-managed install_data --force
