[0.931s] Invoking command in '/home/joao/Navigation/src/udh1_mapping': PYTHONPATH=/home/joao/Navigation/build/udh1_mapping/prefix_override:/usr/lib/python3/dist-packages/colcon_core/task/python/colcon_distutils_commands:/home/joao/Navigation/install/udh1_mapping/lib/python3.10/site-packages:${PYTHONPATH} /usr/bin/python3 -W ignore:setup.py install is deprecated -W ignore:easy_install command is deprecated setup.py egg_info --egg-base ../../build/udh1_mapping build --build-base /home/joao/Navigation/build/udh1_mapping/build install --record /home/joao/Navigation/build/udh1_mapping/install.log --single-version-externally-managed install_data
[1.121s] running egg_info
[1.122s] creating ../../build/udh1_mapping/udh1_mapping.egg-info
[1.122s] writing ../../build/udh1_mapping/udh1_mapping.egg-info/PKG-INFO
[1.122s] writing dependency_links to ../../build/udh1_mapping/udh1_mapping.egg-info/dependency_links.txt
[1.122s] writing entry points to ../../build/udh1_mapping/udh1_mapping.egg-info/entry_points.txt
[1.122s] writing requirements to ../../build/udh1_mapping/udh1_mapping.egg-info/requires.txt
[1.122s] writing top-level names to ../../build/udh1_mapping/udh1_mapping.egg-info/top_level.txt
[1.122s] writing manifest file '../../build/udh1_mapping/udh1_mapping.egg-info/SOURCES.txt'
[1.124s] reading manifest file '../../build/udh1_mapping/udh1_mapping.egg-info/SOURCES.txt'
[1.124s] writing manifest file '../../build/udh1_mapping/udh1_mapping.egg-info/SOURCES.txt'
[1.124s] running build
[1.125s] running build_py
[1.125s] creating /home/joao/Navigation/build/udh1_mapping/build
[1.125s] creating /home/joao/Navigation/build/udh1_mapping/build/lib
[1.125s] creating /home/joao/Navigation/build/udh1_mapping/build/lib/udh1_mapping
[1.125s] copying udh1_mapping/__init__.py -> /home/joao/Navigation/build/udh1_mapping/build/lib/udh1_mapping
[1.125s] running install
[1.125s] running install_lib
[1.126s] creating /home/joao/Navigation/install/udh1_mapping/lib/python3.10/site-packages/udh1_mapping
[1.126s] copying /home/joao/Navigation/build/udh1_mapping/build/lib/udh1_mapping/__init__.py -> /home/joao/Navigation/install/udh1_mapping/lib/python3.10/site-packages/udh1_mapping
[1.126s] byte-compiling /home/joao/Navigation/install/udh1_mapping/lib/python3.10/site-packages/udh1_mapping/__init__.py to __init__.cpython-310.pyc
[1.126s] running install_data
[1.126s] creating /home/joao/Navigation/install/udh1_mapping/share/ament_index
[1.127s] creating /home/joao/Navigation/install/udh1_mapping/share/ament_index/resource_index
[1.127s] creating /home/joao/Navigation/install/udh1_mapping/share/ament_index/resource_index/packages
[1.127s] copying resource/udh1_mapping -> /home/joao/Navigation/install/udh1_mapping/share/ament_index/resource_index/packages
[1.127s] copying package.xml -> /home/joao/Navigation/install/udh1_mapping/share/udh1_mapping
[1.127s] creating /home/joao/Navigation/install/udh1_mapping/share/udh1_mapping/launch
[1.127s] copying launch/launch.py -> /home/joao/Navigation/install/udh1_mapping/share/udh1_mapping/launch
[1.127s] copying launch/filter_launch.py -> /home/joao/Navigation/install/udh1_mapping/share/udh1_mapping/launch
[1.127s] creating /home/joao/Navigation/install/udh1_mapping/share/udh1_mapping/config
[1.127s] copying config/laser_filters.yaml -> /home/joao/Navigation/install/udh1_mapping/share/udh1_mapping/config
[1.127s] copying config/nav2_params_realsense.yaml -> /home/joao/Navigation/install/udh1_mapping/share/udh1_mapping/config
[1.127s] copying config/mapper_params_online_async.yaml -> /home/joao/Navigation/install/udh1_mapping/share/udh1_mapping/config
[1.127s] copying config/nav2_params.yaml -> /home/joao/Navigation/install/udh1_mapping/share/udh1_mapping/config
[1.127s] running install_egg_info
[1.129s] Copying ../../build/udh1_mapping/udh1_mapping.egg-info to /home/joao/Navigation/install/udh1_mapping/lib/python3.10/site-packages/udh1_mapping-0.0.0-py3.10.egg-info
[1.130s] running install_scripts
[1.148s] writing list of installed files to '/home/joao/Navigation/build/udh1_mapping/install.log'
