[1.521s] Invoking command in '/home/joao/Navigation/src/udh1_mapping': PYTHONPATH=/home/joao/Navigation/build/udh1_mapping/prefix_override:/usr/lib/python3/dist-packages/colcon_core/task/python/colcon_distutils_commands:/home/joao/Navigation/install/udh1_mapping/lib/python3.10/site-packages:${PYTHONPATH} /usr/bin/python3 -W ignore:setup.py install is deprecated -W ignore:easy_install command is deprecated setup.py egg_info --egg-base ../../build/udh1_mapping build --build-base /home/joao/Navigation/build/udh1_mapping/build install --record /home/joao/Navigation/build/udh1_mapping/install.log --single-version-externally-managed install_data
[2.115s] running egg_info
[2.117s] writing ../../build/udh1_mapping/udh1_mapping.egg-info/PKG-INFO
[2.117s] writing dependency_links to ../../build/udh1_mapping/udh1_mapping.egg-info/dependency_links.txt
[2.117s] writing entry points to ../../build/udh1_mapping/udh1_mapping.egg-info/entry_points.txt
[2.118s] writing requirements to ../../build/udh1_mapping/udh1_mapping.egg-info/requires.txt
[2.118s] writing top-level names to ../../build/udh1_mapping/udh1_mapping.egg-info/top_level.txt
[2.122s] reading manifest file '../../build/udh1_mapping/udh1_mapping.egg-info/SOURCES.txt'
[2.124s] writing manifest file '../../build/udh1_mapping/udh1_mapping.egg-info/SOURCES.txt'
[2.124s] running build
[2.125s] running build_py
[2.125s] running install
[2.125s] running install_lib
[2.128s] running install_data
[2.129s] copying config/nav2_params.yaml -> /home/joao/Navigation/install/udh1_mapping/share/udh1_mapping/config
[2.129s] running install_egg_info
[2.133s] removing '/home/joao/Navigation/install/udh1_mapping/lib/python3.10/site-packages/udh1_mapping-0.0.0-py3.10.egg-info' (and everything under it)
[2.134s] Copying ../../build/udh1_mapping/udh1_mapping.egg-info to /home/joao/Navigation/install/udh1_mapping/lib/python3.10/site-packages/udh1_mapping-0.0.0-py3.10.egg-info
[2.137s] running install_scripts
[2.182s] writing list of installed files to '/home/joao/Navigation/build/udh1_mapping/install.log'
[2.229s] Invoked command in '/home/joao/Navigation/src/udh1_mapping' returned '0': PYTHONPATH=/home/joao/Navigation/build/udh1_mapping/prefix_override:/usr/lib/python3/dist-packages/colcon_core/task/python/colcon_distutils_commands:/home/joao/Navigation/install/udh1_mapping/lib/python3.10/site-packages:${PYTHONPATH} /usr/bin/python3 -W ignore:setup.py install is deprecated -W ignore:easy_install command is deprecated setup.py egg_info --egg-base ../../build/udh1_mapping build --build-base /home/joao/Navigation/build/udh1_mapping/build install --record /home/joao/Navigation/build/udh1_mapping/install.log --single-version-externally-managed install_data
