running develop
Removing /home/joao/Navigation/install/my_robot_bringup/lib/python3.10/site-packages/my-robot-bringup.egg-link (link to .)
running egg_info
writing ../../build/my_robot_bringup/my_robot_bringup.egg-info/PKG-INFO
writing dependency_links to ../../build/my_robot_bringup/my_robot_bringup.egg-info/dependency_links.txt
writing entry points to ../../build/my_robot_bringup/my_robot_bringup.egg-info/entry_points.txt
writing requirements to ../../build/my_robot_bringup/my_robot_bringup.egg-info/requires.txt
writing top-level names to ../../build/my_robot_bringup/my_robot_bringup.egg-info/top_level.txt
reading manifest file '../../build/my_robot_bringup/my_robot_bringup.egg-info/SOURCES.txt'
writing manifest file '../../build/my_robot_bringup/my_robot_bringup.egg-info/SOURCES.txt'
running build
running build_py
running install
running install_lib
creating /home/joao/Navigation/install/my_robot_bringup/lib/python3.10/site-packages/my_robot_bringup
copying /home/joao/Navigation/build/my_robot_bringup/build/lib/my_robot_bringup/__init__.py -> /home/joao/Navigation/install/my_robot_bringup/lib/python3.10/site-packages/my_robot_bringup
byte-compiling /home/joao/Navigation/install/my_robot_bringup/lib/python3.10/site-packages/my_robot_bringup/__init__.py to __init__.cpython-310.pyc
running install_data
copying resource/my_robot_bringup -> /home/joao/Navigation/install/my_robot_bringup/share/ament_index/resource_index/packages
copying package.xml -> /home/joao/Navigation/install/my_robot_bringup/share/my_robot_bringup
copying launch/udh1_core.launch.py -> /home/joao/Navigation/install/my_robot_bringup/share/my_robot_bringup/launch
copying launch/navigation.launch.py -> /home/joao/Navigation/install/my_robot_bringup/share/my_robot_bringup/launch
copying launch/navigation_realsense.launch.py -> /home/joao/Navigation/install/my_robot_bringup/share/my_robot_bringup/launch
copying launch/udh1_core_maping_pulse.launch.py -> /home/joao/Navigation/install/my_robot_bringup/share/my_robot_bringup/launch
copying launch/robot.launch.py -> /home/joao/Navigation/install/my_robot_bringup/share/my_robot_bringup/launch
copying launch/visualizar_mapa.launch.py -> /home/joao/Navigation/install/my_robot_bringup/share/my_robot_bringup/launch
copying launch/udh1_core_maping.launch.py -> /home/joao/Navigation/install/my_robot_bringup/share/my_robot_bringup/launch
copying rviz/nav2_udh1.rviz -> /home/joao/Navigation/install/my_robot_bringup/share/my_robot_bringup/rviz
running install_egg_info
Copying ../../build/my_robot_bringup/my_robot_bringup.egg-info to /home/joao/Navigation/install/my_robot_bringup/lib/python3.10/site-packages/my_robot_bringup-0.0.0-py3.10.egg-info
running install_scripts
Installing base_driver script to /home/joao/Navigation/install/my_robot_bringup/lib/my_robot_bringup
Installing base_driver_pulse script to /home/joao/Navigation/install/my_robot_bringup/lib/my_robot_bringup
writing list of installed files to '/home/joao/Navigation/build/my_robot_bringup/install.log'
