[0.943s] Invoking command in '/home/joao/Navigation/build/my_robot_bringup': PYTHONPATH=/home/joao/Navigation/build/my_robot_bringup/prefix_override:/usr/lib/python3/dist-packages/colcon_core/task/python/colcon_distutils_commands:/home/joao/Navigation/install/my_robot_bringup/lib/python3.10/site-packages:${PYTHONPATH} ROS_DOMAIN_ID=66 /usr/bin/python3 -W ignore:setup.py install is deprecated -W ignore:easy_install command is deprecated setup.py develop --editable --build-directory /home/joao/Navigation/build/my_robot_bringup/build --no-deps symlink_data --force
[1.146s] running develop
[1.273s] running egg_info
[1.274s] writing my_robot_bringup.egg-info/PKG-INFO
[1.274s] writing dependency_links to my_robot_bringup.egg-info/dependency_links.txt
[1.274s] writing entry points to my_robot_bringup.egg-info/entry_points.txt
[1.274s] writing requirements to my_robot_bringup.egg-info/requires.txt
[1.274s] writing top-level names to my_robot_bringup.egg-info/top_level.txt
[1.276s] reading manifest file 'my_robot_bringup.egg-info/SOURCES.txt'
[1.277s] writing manifest file 'my_robot_bringup.egg-info/SOURCES.txt'
[1.278s] running build_ext
[1.278s] Creating /home/joao/Navigation/install/my_robot_bringup/lib/python3.10/site-packages/my-robot-bringup.egg-link (link to .)
[1.279s] Installing base_driver script to /home/joao/Navigation/install/my_robot_bringup/lib/my_robot_bringup
[1.279s] Installing base_driver_pulse script to /home/joao/Navigation/install/my_robot_bringup/lib/my_robot_bringup
[1.279s] 
[1.279s] Installed /home/joao/Navigation/build/my_robot_bringup
[1.279s] running symlink_data
[1.280s] symbolically linking /home/joao/Navigation/build/my_robot_bringup/resource/my_robot_bringup -> /home/joao/Navigation/install/my_robot_bringup/share/ament_index/resource_index/packages
[1.280s] symbolically linking /home/joao/Navigation/build/my_robot_bringup/package.xml -> /home/joao/Navigation/install/my_robot_bringup/share/my_robot_bringup
[1.280s] symbolically linking /home/joao/Navigation/build/my_robot_bringup/launch/udh1_core.launch.py -> /home/joao/Navigation/install/my_robot_bringup/share/my_robot_bringup/launch
[1.280s] symbolically linking /home/joao/Navigation/build/my_robot_bringup/launch/navigation.launch.py -> /home/joao/Navigation/install/my_robot_bringup/share/my_robot_bringup/launch
[1.280s] symbolically linking /home/joao/Navigation/build/my_robot_bringup/launch/navigation_realsense.launch.py -> /home/joao/Navigation/install/my_robot_bringup/share/my_robot_bringup/launch
[1.280s] symbolically linking /home/joao/Navigation/build/my_robot_bringup/launch/udh1_core_maping_pulse.launch.py -> /home/joao/Navigation/install/my_robot_bringup/share/my_robot_bringup/launch
[1.280s] symbolically linking /home/joao/Navigation/build/my_robot_bringup/launch/robot.launch.py -> /home/joao/Navigation/install/my_robot_bringup/share/my_robot_bringup/launch
[1.280s] symbolically linking /home/joao/Navigation/build/my_robot_bringup/launch/visualizar_mapa.launch.py -> /home/joao/Navigation/install/my_robot_bringup/share/my_robot_bringup/launch
[1.280s] symbolically linking /home/joao/Navigation/build/my_robot_bringup/launch/udh1_core_maping.launch.py -> /home/joao/Navigation/install/my_robot_bringup/share/my_robot_bringup/launch
[1.280s] symbolically linking /home/joao/Navigation/build/my_robot_bringup/rviz/nav2_udh1.rviz -> /home/joao/Navigation/install/my_robot_bringup/share/my_robot_bringup/rviz
[1.329s] Invoked command in '/home/joao/Navigation/build/my_robot_bringup' returned '0': PYTHONPATH=/home/joao/Navigation/build/my_robot_bringup/prefix_override:/usr/lib/python3/dist-packages/colcon_core/task/python/colcon_distutils_commands:/home/joao/Navigation/install/my_robot_bringup/lib/python3.10/site-packages:${PYTHONPATH} ROS_DOMAIN_ID=66 /usr/bin/python3 -W ignore:setup.py install is deprecated -W ignore:easy_install command is deprecated setup.py develop --editable --build-directory /home/joao/Navigation/build/my_robot_bringup/build --no-deps symlink_data --force
