[0.009s] Invoking command in '/home/joao/Navigation/build/udh1_gazebo': CMAKE_PREFIX_PATH=/home/joao/Navigation/install/udh1_description:/home/joao/Navigation/install/udh1_gazebo:/home/joao/Navigation/install/sllidar_ros2:/home/joao/Navigation/install/udh1_mapping:/home/joao/Navigation/install/serial_com_py:/home/joao/Navigation/install/my_robot_bringup:/opt/ros/humble /usr/bin/cmake /home/joao/Navigation/src/udh1_gazebo -DAMENT_CMAKE_SYMLINK_INSTALL=1 -DCMAKE_INSTALL_PREFIX=/home/joao/Navigation/install/udh1_gazebo
[0.020s] -- Found ament_cmake: 1.3.14 (/opt/ros/humble/share/ament_cmake/cmake)
[0.127s] -- Override CMake install command with custom implementation using symlinks instead of copying resources
[0.194s] -- Configuring done
[0.197s] -- Generating done
[0.199s] -- Build files have been written to: /home/joao/Navigation/build/udh1_gazebo
[0.202s] Invoked command in '/home/joao/Navigation/build/udh1_gazebo' returned '0': CMAKE_PREFIX_PATH=/home/joao/Navigation/install/udh1_description:/home/joao/Navigation/install/udh1_gazebo:/home/joao/Navigation/install/sllidar_ros2:/home/joao/Navigation/install/udh1_mapping:/home/joao/Navigation/install/serial_com_py:/home/joao/Navigation/install/my_robot_bringup:/opt/ros/humble /usr/bin/cmake /home/joao/Navigation/src/udh1_gazebo -DAMENT_CMAKE_SYMLINK_INSTALL=1 -DCMAKE_INSTALL_PREFIX=/home/joao/Navigation/install/udh1_gazebo
[0.203s] Invoking command in '/home/joao/Navigation/build/udh1_gazebo': CMAKE_PREFIX_PATH=/home/joao/Navigation/install/udh1_description:/home/joao/Navigation/install/udh1_gazebo:/home/joao/Navigation/install/sllidar_ros2:/home/joao/Navigation/install/udh1_mapping:/home/joao/Navigation/install/serial_com_py:/home/joao/Navigation/install/my_robot_bringup:/opt/ros/humble /usr/bin/cmake --build /home/joao/Navigation/build/udh1_gazebo -- -j16 -l16
[0.249s] Invoked command in '/home/joao/Navigation/build/udh1_gazebo' returned '0': CMAKE_PREFIX_PATH=/home/joao/Navigation/install/udh1_description:/home/joao/Navigation/install/udh1_gazebo:/home/joao/Navigation/install/sllidar_ros2:/home/joao/Navigation/install/udh1_mapping:/home/joao/Navigation/install/serial_com_py:/home/joao/Navigation/install/my_robot_bringup:/opt/ros/humble /usr/bin/cmake --build /home/joao/Navigation/build/udh1_gazebo -- -j16 -l16
[0.250s] Invoking command in '/home/joao/Navigation/build/udh1_gazebo': CMAKE_PREFIX_PATH=/home/joao/Navigation/install/udh1_description:/home/joao/Navigation/install/udh1_gazebo:/home/joao/Navigation/install/sllidar_ros2:/home/joao/Navigation/install/udh1_mapping:/home/joao/Navigation/install/serial_com_py:/home/joao/Navigation/install/my_robot_bringup:/opt/ros/humble /usr/bin/cmake --install /home/joao/Navigation/build/udh1_gazebo
[0.259s] -- Install configuration: ""
[0.260s] -- Execute custom install script
[0.260s] -- Symlinking: /home/joao/Navigation/install/udh1_gazebo/share/udh1_gazebo/launch/gazebo.launch.py
[0.270s] -- Symlinking: /home/joao/Navigation/install/udh1_gazebo/share/udh1_gazebo/worlds/udh1_world.world
[0.279s] -- Symlinking: /home/joao/Navigation/install/udh1_gazebo/share/ament_index/resource_index/package_run_dependencies/udh1_gazebo
[0.289s] -- Symlinking: /home/joao/Navigation/install/udh1_gazebo/share/ament_index/resource_index/parent_prefix_path/udh1_gazebo
[0.298s] -- Symlinking: /home/joao/Navigation/install/udh1_gazebo/share/udh1_gazebo/environment/ament_prefix_path.sh
[0.309s] -- Symlinking: /home/joao/Navigation/install/udh1_gazebo/share/udh1_gazebo/environment/ament_prefix_path.dsv
[0.318s] -- Symlinking: /home/joao/Navigation/install/udh1_gazebo/share/udh1_gazebo/environment/path.sh
[0.327s] -- Symlinking: /home/joao/Navigation/install/udh1_gazebo/share/udh1_gazebo/environment/path.dsv
[0.336s] -- Symlinking: /home/joao/Navigation/install/udh1_gazebo/share/udh1_gazebo/local_setup.bash
[0.346s] -- Symlinking: /home/joao/Navigation/install/udh1_gazebo/share/udh1_gazebo/local_setup.sh
[0.354s] -- Symlinking: /home/joao/Navigation/install/udh1_gazebo/share/udh1_gazebo/local_setup.zsh
[0.364s] -- Symlinking: /home/joao/Navigation/install/udh1_gazebo/share/udh1_gazebo/local_setup.dsv
[0.373s] -- Symlinking: /home/joao/Navigation/install/udh1_gazebo/share/udh1_gazebo/package.dsv
[0.384s] -- Symlinking: /home/joao/Navigation/install/udh1_gazebo/share/ament_index/resource_index/packages/udh1_gazebo
[0.393s] -- Symlinking: /home/joao/Navigation/install/udh1_gazebo/share/udh1_gazebo/cmake/udh1_gazeboConfig.cmake
[0.402s] -- Symlinking: /home/joao/Navigation/install/udh1_gazebo/share/udh1_gazebo/cmake/udh1_gazeboConfig-version.cmake
[0.411s] -- Symlinking: /home/joao/Navigation/install/udh1_gazebo/share/udh1_gazebo/package.xml
[0.422s] Invoked command in '/home/joao/Navigation/build/udh1_gazebo' returned '0': CMAKE_PREFIX_PATH=/home/joao/Navigation/install/udh1_description:/home/joao/Navigation/install/udh1_gazebo:/home/joao/Navigation/install/sllidar_ros2:/home/joao/Navigation/install/udh1_mapping:/home/joao/Navigation/install/serial_com_py:/home/joao/Navigation/install/my_robot_bringup:/opt/ros/humble /usr/bin/cmake --install /home/joao/Navigation/build/udh1_gazebo
