-- Install configuration: ""
-- Up-to-date: /home/joao/Navigation/install/udh1_gazebo/share/udh1_gazebo/launch
-- Installing: /home/joao/Navigation/install/udh1_gazebo/share/udh1_gazebo/launch/gazebo.launch.py
-- Up-to-date: /home/joao/Navigation/install/udh1_gazebo/share/udh1_gazebo/worlds
-- Up-to-date: /home/joao/Navigation/install/udh1_gazebo/share/udh1_gazebo/worlds/udh1_world.world
-- Up-to-date: /home/joao/Navigation/install/udh1_gazebo/share/ament_index/resource_index/package_run_dependencies/udh1_gazebo
-- Up-to-date: /home/joao/Navigation/install/udh1_gazebo/share/ament_index/resource_index/parent_prefix_path/udh1_gazebo
-- Up-to-date: /home/joao/Navigation/install/udh1_gazebo/share/udh1_gazebo/environment/ament_prefix_path.sh
-- Up-to-date: /home/joao/Navigation/install/udh1_gazebo/share/udh1_gazebo/environment/ament_prefix_path.dsv
-- Up-to-date: /home/joao/Navigation/install/udh1_gazebo/share/udh1_gazebo/environment/path.sh
-- Up-to-date: /home/joao/Navigation/install/udh1_gazebo/share/udh1_gazebo/environment/path.dsv
-- Up-to-date: /home/joao/Navigation/install/udh1_gazebo/share/udh1_gazebo/local_setup.bash
-- Up-to-date: /home/joao/Navigation/install/udh1_gazebo/share/udh1_gazebo/local_setup.sh
-- Up-to-date: /home/joao/Navigation/install/udh1_gazebo/share/udh1_gazebo/local_setup.zsh
-- Up-to-date: /home/joao/Navigation/install/udh1_gazebo/share/udh1_gazebo/local_setup.dsv
-- Up-to-date: /home/joao/Navigation/install/udh1_gazebo/share/udh1_gazebo/package.dsv
-- Up-to-date: /home/joao/Navigation/install/udh1_gazebo/share/ament_index/resource_index/packages/udh1_gazebo
-- Up-to-date: /home/joao/Navigation/install/udh1_gazebo/share/udh1_gazebo/cmake/udh1_gazeboConfig.cmake
-- Up-to-date: /home/joao/Navigation/install/udh1_gazebo/share/udh1_gazebo/cmake/udh1_gazeboConfig-version.cmake
-- Up-to-date: /home/joao/Navigation/install/udh1_gazebo/share/udh1_gazebo/package.xml
