[0.012s] Invoking command in '/home/joao/Navigation/build/udh1_gazebo': CMAKE_PREFIX_PATH=/home/joao/Navigation/install/udh1_description:/home/joao/Navigation/install/udh1_gazebo:/home/joao/Navigation/install/sllidar_ros2:/home/joao/Navigation/install/udh1_mapping:/home/joao/Navigation/install/serial_com_py:/home/joao/Navigation/install/my_robot_bringup:/opt/ros/humble /usr/bin/cmake --build /home/joao/Navigation/build/udh1_gazebo -- -j16 -l16
[0.051s] Invoked command in '/home/joao/Navigation/build/udh1_gazebo' returned '0': CMAKE_PREFIX_PATH=/home/joao/Navigation/install/udh1_description:/home/joao/Navigation/install/udh1_gazebo:/home/joao/Navigation/install/sllidar_ros2:/home/joao/Navigation/install/udh1_mapping:/home/joao/Navigation/install/serial_com_py:/home/joao/Navigation/install/my_robot_bringup:/opt/ros/humble /usr/bin/cmake --build /home/joao/Navigation/build/udh1_gazebo -- -j16 -l16
[0.061s] Invoking command in '/home/joao/Navigation/build/udh1_gazebo': CMAKE_PREFIX_PATH=/home/joao/Navigation/install/udh1_description:/home/joao/Navigation/install/udh1_gazebo:/home/joao/Navigation/install/sllidar_ros2:/home/joao/Navigation/install/udh1_mapping:/home/joao/Navigation/install/serial_com_py:/home/joao/Navigation/install/my_robot_bringup:/opt/ros/humble /usr/bin/cmake --install /home/joao/Navigation/build/udh1_gazebo
[0.068s] -- Install configuration: ""
[0.069s] -- Up-to-date: /home/joao/Navigation/install/udh1_gazebo/share/udh1_gazebo/launch
[0.069s] -- Up-to-date: /home/joao/Navigation/install/udh1_gazebo/share/udh1_gazebo/launch/gazebo.launch.py
[0.069s] -- Up-to-date: /home/joao/Navigation/install/udh1_gazebo/share/udh1_gazebo/worlds
[0.069s] -- Up-to-date: /home/joao/Navigation/install/udh1_gazebo/share/udh1_gazebo/worlds/udh1_world.world
[0.069s] -- Up-to-date: /home/joao/Navigation/install/udh1_gazebo/share/ament_index/resource_index/package_run_dependencies/udh1_gazebo
[0.069s] -- Up-to-date: /home/joao/Navigation/install/udh1_gazebo/share/ament_index/resource_index/parent_prefix_path/udh1_gazebo
[0.069s] -- Up-to-date: /home/joao/Navigation/install/udh1_gazebo/share/udh1_gazebo/environment/ament_prefix_path.sh
[0.069s] -- Up-to-date: /home/joao/Navigation/install/udh1_gazebo/share/udh1_gazebo/environment/ament_prefix_path.dsv
[0.069s] -- Up-to-date: /home/joao/Navigation/install/udh1_gazebo/share/udh1_gazebo/environment/path.sh
[0.069s] -- Up-to-date: /home/joao/Navigation/install/udh1_gazebo/share/udh1_gazebo/environment/path.dsv
[0.069s] -- Up-to-date: /home/joao/Navigation/install/udh1_gazebo/share/udh1_gazebo/local_setup.bash
[0.069s] -- Up-to-date: /home/joao/Navigation/install/udh1_gazebo/share/udh1_gazebo/local_setup.sh
[0.069s] -- Up-to-date: /home/joao/Navigation/install/udh1_gazebo/share/udh1_gazebo/local_setup.zsh
[0.069s] -- Up-to-date: /home/joao/Navigation/install/udh1_gazebo/share/udh1_gazebo/local_setup.dsv
[0.069s] -- Installing: /home/joao/Navigation/install/udh1_gazebo/share/udh1_gazebo/package.dsv
[0.069s] -- Up-to-date: /home/joao/Navigation/install/udh1_gazebo/share/ament_index/resource_index/packages/udh1_gazebo
[0.069s] -- Up-to-date: /home/joao/Navigation/install/udh1_gazebo/share/udh1_gazebo/cmake/udh1_gazeboConfig.cmake
[0.069s] -- Up-to-date: /home/joao/Navigation/install/udh1_gazebo/share/udh1_gazebo/cmake/udh1_gazeboConfig-version.cmake
[0.069s] -- Up-to-date: /home/joao/Navigation/install/udh1_gazebo/share/udh1_gazebo/package.xml
[0.070s] Invoked command in '/home/joao/Navigation/build/udh1_gazebo' returned '0': CMAKE_PREFIX_PATH=/home/joao/Navigation/install/udh1_description:/home/joao/Navigation/install/udh1_gazebo:/home/joao/Navigation/install/sllidar_ros2:/home/joao/Navigation/install/udh1_mapping:/home/joao/Navigation/install/serial_com_py:/home/joao/Navigation/install/my_robot_bringup:/opt/ros/humble /usr/bin/cmake --install /home/joao/Navigation/build/udh1_gazebo
