[0.395s] Invoking command in '/home/joao/Navigation/build/sllidar_ros2': CMAKE_PREFIX_PATH=/opt/ros/humble ROS_DOMAIN_ID=229 /usr/bin/cmake /home/joao/Navigation/src/sllidar_ros2 -DAMENT_CMAKE_SYMLINK_INSTALL=1 -DCMAKE_INSTALL_PREFIX=/home/joao/Navigation/install/sllidar_ros2
[0.406s] -- Found ament_cmake: 1.3.14 (/opt/ros/humble/share/ament_cmake/cmake)
[0.498s] -- Override CMake install command with custom implementation using symlinks instead of copying resources
[0.503s] -- Found rclcpp: 16.0.19 (/opt/ros/humble/share/rclcpp/cmake)
[0.524s] -- Found rosidl_generator_c: 3.1.8 (/opt/ros/humble/share/rosidl_generator_c/cmake)
[0.526s] -- Found rosidl_adapter: 3.1.8 (/opt/ros/humble/share/rosidl_adapter/cmake)
[0.530s] -- Found rosidl_generator_cpp: 3.1.8 (/opt/ros/humble/share/rosidl_generator_cpp/cmake)
[0.537s] -- Using all available rosidl_typesupport_c: rosidl_typesupport_fastrtps_c;rosidl_typesupport_introspection_c
[0.546s] -- Using all available rosidl_typesupport_cpp: rosidl_typesupport_fastrtps_cpp;rosidl_typesupport_introspection_cpp
[0.569s] -- Found rmw_implementation_cmake: 6.1.2 (/opt/ros/humble/share/rmw_implementation_cmake/cmake)
[0.569s] -- Found rmw_fastrtps_cpp: 6.2.10 (/opt/ros/humble/share/rmw_fastrtps_cpp/cmake)
[0.663s] -- Using RMW implementation 'rmw_fastrtps_cpp' as default
[0.700s] -- Found sensor_msgs: 4.9.1 (/opt/ros/humble/share/sensor_msgs/cmake)
[0.722s] -- Found std_srvs: 4.9.1 (/opt/ros/humble/share/std_srvs/cmake)
[0.784s] -- Configuring done
[0.797s] -- Generating done
[0.803s] -- Build files have been written to: /home/joao/Navigation/build/sllidar_ros2
[0.812s] Invoked command in '/home/joao/Navigation/build/sllidar_ros2' returned '0': CMAKE_PREFIX_PATH=/opt/ros/humble ROS_DOMAIN_ID=229 /usr/bin/cmake /home/joao/Navigation/src/sllidar_ros2 -DAMENT_CMAKE_SYMLINK_INSTALL=1 -DCMAKE_INSTALL_PREFIX=/home/joao/Navigation/install/sllidar_ros2
[0.814s] Invoking command in '/home/joao/Navigation/build/sllidar_ros2': CMAKE_PREFIX_PATH=/opt/ros/humble ROS_DOMAIN_ID=229 /usr/bin/cmake --build /home/joao/Navigation/build/sllidar_ros2 -- -j16 -l16
[0.857s] [35m[1mConsolidate compiler generated dependencies of target sllidar_client[0m
[0.860s] [35m[1mConsolidate compiler generated dependencies of target sllidar_node[0m
[0.877s] [ 10%] Built target sllidar_client
[0.893s] [100%] Built target sllidar_node
[0.907s] Invoked command in '/home/joao/Navigation/build/sllidar_ros2' returned '0': CMAKE_PREFIX_PATH=/opt/ros/humble ROS_DOMAIN_ID=229 /usr/bin/cmake --build /home/joao/Navigation/build/sllidar_ros2 -- -j16 -l16
[0.909s] Invoking command in '/home/joao/Navigation/build/sllidar_ros2': CMAKE_PREFIX_PATH=/opt/ros/humble ROS_DOMAIN_ID=229 /usr/bin/cmake --install /home/joao/Navigation/build/sllidar_ros2
[0.917s] -- Install configuration: ""
[0.917s] -- Execute custom install script
[0.918s] -- Up-to-date symlink: /home/joao/Navigation/install/sllidar_ros2/share/sllidar_ros2/launch/sllidar_a1_launch.py
[0.918s] -- Up-to-date symlink: /home/joao/Navigation/install/sllidar_ros2/share/sllidar_ros2/launch/sllidar_a2m12_launch .py
[0.918s] -- Up-to-date symlink: /home/joao/Navigation/install/sllidar_ros2/share/sllidar_ros2/launch/sllidar_a2m7_launch.py
[0.918s] -- Up-to-date symlink: /home/joao/Navigation/install/sllidar_ros2/share/sllidar_ros2/launch/sllidar_a2m8_launch.py
[0.918s] -- Up-to-date symlink: /home/joao/Navigation/install/sllidar_ros2/share/sllidar_ros2/launch/sllidar_a3_launch.py
[0.918s] -- Up-to-date symlink: /home/joao/Navigation/install/sllidar_ros2/share/sllidar_ros2/launch/sllidar_c1_launch.py
[0.919s] -- Up-to-date symlink: /home/joao/Navigation/install/sllidar_ros2/share/sllidar_ros2/launch/sllidar_s1_launch.py
[0.919s] -- Up-to-date symlink: /home/joao/Navigation/install/sllidar_ros2/share/sllidar_ros2/launch/sllidar_s1_tcp_launch.py
[0.919s] -- Up-to-date symlink: /home/joao/Navigation/install/sllidar_ros2/share/sllidar_ros2/launch/sllidar_s2_launch.py
[0.919s] -- Up-to-date symlink: /home/joao/Navigation/install/sllidar_ros2/share/sllidar_ros2/launch/sllidar_s2e_launch.py
[0.919s] -- Up-to-date symlink: /home/joao/Navigation/install/sllidar_ros2/share/sllidar_ros2/launch/sllidar_s3_launch.py
[0.920s] -- Up-to-date symlink: /home/joao/Navigation/install/sllidar_ros2/share/sllidar_ros2/launch/sllidar_t1_launch.py
[0.920s] -- Up-to-date symlink: /home/joao/Navigation/install/sllidar_ros2/share/sllidar_ros2/launch/view_sllidar_a1_launch.py
[0.920s] -- Up-to-date symlink: /home/joao/Navigation/install/sllidar_ros2/share/sllidar_ros2/launch/view_sllidar_a2m12_launch.py
[0.920s] -- Up-to-date symlink: /home/joao/Navigation/install/sllidar_ros2/share/sllidar_ros2/launch/view_sllidar_a2m7_launch.py
[0.920s] -- Up-to-date symlink: /home/joao/Navigation/install/sllidar_ros2/share/sllidar_ros2/launch/view_sllidar_a2m8_launch.py
[0.920s] -- Up-to-date symlink: /home/joao/Navigation/install/sllidar_ros2/share/sllidar_ros2/launch/view_sllidar_a3_launch.py
[0.920s] -- Up-to-date symlink: /home/joao/Navigation/install/sllidar_ros2/share/sllidar_ros2/launch/view_sllidar_c1_launch.py
[0.920s] -- Up-to-date symlink: /home/joao/Navigation/install/sllidar_ros2/share/sllidar_ros2/launch/view_sllidar_s1_launch.py
[0.920s] -- Up-to-date symlink: /home/joao/Navigation/install/sllidar_ros2/share/sllidar_ros2/launch/view_sllidar_s1_tcp_launch.py
[0.920s] -- Up-to-date symlink: /home/joao/Navigation/install/sllidar_ros2/share/sllidar_ros2/launch/view_sllidar_s2_launch.py
[0.920s] -- Up-to-date symlink: /home/joao/Navigation/install/sllidar_ros2/share/sllidar_ros2/launch/view_sllidar_s2e_launch.py
[0.920s] -- Up-to-date symlink: /home/joao/Navigation/install/sllidar_ros2/share/sllidar_ros2/launch/view_sllidar_s3_launch.py
[0.920s] -- Up-to-date symlink: /home/joao/Navigation/install/sllidar_ros2/share/sllidar_ros2/launch/view_sllidar_t1_launch.py
[0.920s] -- Up-to-date symlink: /home/joao/Navigation/install/sllidar_ros2/share/sllidar_ros2/rviz/sllidar_ros2.rviz
[0.921s] -- Up-to-date symlink: /home/joao/Navigation/install/sllidar_ros2/lib/sllidar_ros2/sllidar_node
[0.921s] -- Up-to-date symlink: /home/joao/Navigation/install/sllidar_ros2/lib/sllidar_ros2/sllidar_client
[0.921s] -- Up-to-date symlink: /home/joao/Navigation/install/sllidar_ros2/share/ament_index/resource_index/package_run_dependencies/sllidar_ros2
[0.921s] -- Up-to-date symlink: /home/joao/Navigation/install/sllidar_ros2/share/ament_index/resource_index/parent_prefix_path/sllidar_ros2
[0.921s] -- Up-to-date symlink: /home/joao/Navigation/install/sllidar_ros2/share/sllidar_ros2/environment/ament_prefix_path.sh
[0.921s] -- Up-to-date symlink: /home/joao/Navigation/install/sllidar_ros2/share/sllidar_ros2/environment/ament_prefix_path.dsv
[0.921s] -- Up-to-date symlink: /home/joao/Navigation/install/sllidar_ros2/share/sllidar_ros2/environment/path.sh
[0.921s] -- Up-to-date symlink: /home/joao/Navigation/install/sllidar_ros2/share/sllidar_ros2/environment/path.dsv
[0.921s] -- Up-to-date symlink: /home/joao/Navigation/install/sllidar_ros2/share/sllidar_ros2/local_setup.bash
[0.921s] -- Up-to-date symlink: /home/joao/Navigation/install/sllidar_ros2/share/sllidar_ros2/local_setup.sh
[0.922s] -- Up-to-date symlink: /home/joao/Navigation/install/sllidar_ros2/share/sllidar_ros2/local_setup.zsh
[0.922s] -- Up-to-date symlink: /home/joao/Navigation/install/sllidar_ros2/share/sllidar_ros2/local_setup.dsv
[0.922s] -- Symlinking: /home/joao/Navigation/install/sllidar_ros2/share/sllidar_ros2/package.dsv
[0.931s] -- Up-to-date symlink: /home/joao/Navigation/install/sllidar_ros2/share/ament_index/resource_index/packages/sllidar_ros2
[0.932s] -- Up-to-date symlink: /home/joao/Navigation/install/sllidar_ros2/share/sllidar_ros2/cmake/ament_cmake_export_dependencies-extras.cmake
[0.932s] -- Up-to-date symlink: /home/joao/Navigation/install/sllidar_ros2/share/sllidar_ros2/cmake/ament_cmake_export_include_directories-extras.cmake
[0.932s] -- Up-to-date symlink: /home/joao/Navigation/install/sllidar_ros2/share/sllidar_ros2/cmake/sllidar_ros2Config.cmake
[0.932s] -- Up-to-date symlink: /home/joao/Navigation/install/sllidar_ros2/share/sllidar_ros2/cmake/sllidar_ros2Config-version.cmake
[0.933s] -- Up-to-date symlink: /home/joao/Navigation/install/sllidar_ros2/share/sllidar_ros2/package.xml
[0.935s] Invoked command in '/home/joao/Navigation/build/sllidar_ros2' returned '0': CMAKE_PREFIX_PATH=/opt/ros/humble ROS_DOMAIN_ID=229 /usr/bin/cmake --install /home/joao/Navigation/build/sllidar_ros2
