-- Found ament_cmake: 1.3.14 (/opt/ros/humble/share/ament_cmake/cmake)
-- Override CMake install command with custom implementation using symlinks instead of copying resources
-- Configuring done
-- Generating done
-- Build files have been written to: /home/joao/Navigation/build/udh1_gazebo
-- Install configuration: ""
-- Execute custom install script
-- Up-to-date symlink: /home/joao/Navigation/install/udh1_gazebo/share/udh1_gazebo/launch/gazebo.launch.py
-- Up-to-date symlink: /home/joao/Navigation/install/udh1_gazebo/share/udh1_gazebo/launch/gazebo_nav2.launch.py
-- Up-to-date symlink: /home/joao/Navigation/install/udh1_gazebo/share/udh1_gazebo/worlds/udh1_world.world
-- Symlinking: /home/joao/Navigation/install/udh1_gazebo/share/udh1_gazebo/rviz/udh1_gazebo.rviz
-- Up-to-date symlink: /home/joao/Navigation/install/udh1_gazebo/share/ament_index/resource_index/package_run_dependencies/udh1_gazebo
-- Up-to-date symlink: /home/joao/Navigation/install/udh1_gazebo/share/ament_index/resource_index/parent_prefix_path/udh1_gazebo
-- Up-to-date symlink: /home/joao/Navigation/install/udh1_gazebo/share/udh1_gazebo/environment/ament_prefix_path.sh
-- Up-to-date symlink: /home/joao/Navigation/install/udh1_gazebo/share/udh1_gazebo/environment/ament_prefix_path.dsv
-- Up-to-date symlink: /home/joao/Navigation/install/udh1_gazebo/share/udh1_gazebo/environment/path.sh
-- Up-to-date symlink: /home/joao/Navigation/install/udh1_gazebo/share/udh1_gazebo/environment/path.dsv
-- Up-to-date symlink: /home/joao/Navigation/install/udh1_gazebo/share/udh1_gazebo/local_setup.bash
-- Up-to-date symlink: /home/joao/Navigation/install/udh1_gazebo/share/udh1_gazebo/local_setup.sh
-- Up-to-date symlink: /home/joao/Navigation/install/udh1_gazebo/share/udh1_gazebo/local_setup.zsh
-- Up-to-date symlink: /home/joao/Navigation/install/udh1_gazebo/share/udh1_gazebo/local_setup.dsv
-- Symlinking: /home/joao/Navigation/install/udh1_gazebo/share/udh1_gazebo/package.dsv
-- Up-to-date symlink: /home/joao/Navigation/install/udh1_gazebo/share/ament_index/resource_index/packages/udh1_gazebo
-- Up-to-date symlink: /home/joao/Navigation/install/udh1_gazebo/share/udh1_gazebo/cmake/udh1_gazeboConfig.cmake
-- Up-to-date symlink: /home/joao/Navigation/install/udh1_gazebo/share/udh1_gazebo/cmake/udh1_gazeboConfig-version.cmake
-- Up-to-date symlink: /home/joao/Navigation/install/udh1_gazebo/share/udh1_gazebo/package.xml
