[0.013s] Invoking command in '/home/joao/Navigation/build/udh1_gazebo': CMAKE_PREFIX_PATH=/home/joao/Navigation/install/udh1_description:/home/joao/Navigation/install/udh1_gazebo:/home/joao/Navigation/install/sllidar_ros2:/home/joao/Navigation/install/udh1_mapping:/home/joao/Navigation/install/serial_com_py:/home/joao/Navigation/install/my_robot_bringup:/opt/ros/humble /usr/bin/cmake --build /home/joao/Navigation/build/udh1_gazebo -- -j16 -l16
[0.033s] -- Found ament_cmake: 1.3.14 (/opt/ros/humble/share/ament_cmake/cmake)
[0.126s] -- Override CMake install command with custom implementation using symlinks instead of copying resources
[0.180s] -- Configuring done
[0.182s] -- Generating done
[0.183s] -- Build files have been written to: /home/joao/Navigation/build/udh1_gazebo
[0.203s] Invoked command in '/home/joao/Navigation/build/udh1_gazebo' returned '0': CMAKE_PREFIX_PATH=/home/joao/Navigation/install/udh1_description:/home/joao/Navigation/install/udh1_gazebo:/home/joao/Navigation/install/sllidar_ros2:/home/joao/Navigation/install/udh1_mapping:/home/joao/Navigation/install/serial_com_py:/home/joao/Navigation/install/my_robot_bringup:/opt/ros/humble /usr/bin/cmake --build /home/joao/Navigation/build/udh1_gazebo -- -j16 -l16
[0.214s] Invoking command in '/home/joao/Navigation/build/udh1_gazebo': CMAKE_PREFIX_PATH=/home/joao/Navigation/install/udh1_description:/home/joao/Navigation/install/udh1_gazebo:/home/joao/Navigation/install/sllidar_ros2:/home/joao/Navigation/install/udh1_mapping:/home/joao/Navigation/install/serial_com_py:/home/joao/Navigation/install/my_robot_bringup:/opt/ros/humble /usr/bin/cmake --install /home/joao/Navigation/build/udh1_gazebo
[0.220s] -- Install configuration: ""
[0.220s] -- Execute custom install script
[0.221s] -- Up-to-date symlink: /home/joao/Navigation/install/udh1_gazebo/share/udh1_gazebo/launch/gazebo.launch.py
[0.221s] -- Up-to-date symlink: /home/joao/Navigation/install/udh1_gazebo/share/udh1_gazebo/launch/gazebo_nav2.launch.py
[0.221s] -- Up-to-date symlink: /home/joao/Navigation/install/udh1_gazebo/share/udh1_gazebo/worlds/udh1_world.world
[0.221s] -- Symlinking: /home/joao/Navigation/install/udh1_gazebo/share/udh1_gazebo/rviz/udh1_gazebo.rviz
[0.231s] -- Up-to-date symlink: /home/joao/Navigation/install/udh1_gazebo/share/ament_index/resource_index/package_run_dependencies/udh1_gazebo
[0.231s] -- Up-to-date symlink: /home/joao/Navigation/install/udh1_gazebo/share/ament_index/resource_index/parent_prefix_path/udh1_gazebo
[0.231s] -- Up-to-date symlink: /home/joao/Navigation/install/udh1_gazebo/share/udh1_gazebo/environment/ament_prefix_path.sh
[0.231s] -- Up-to-date symlink: /home/joao/Navigation/install/udh1_gazebo/share/udh1_gazebo/environment/ament_prefix_path.dsv
[0.231s] -- Up-to-date symlink: /home/joao/Navigation/install/udh1_gazebo/share/udh1_gazebo/environment/path.sh
[0.231s] -- Up-to-date symlink: /home/joao/Navigation/install/udh1_gazebo/share/udh1_gazebo/environment/path.dsv
[0.231s] -- Up-to-date symlink: /home/joao/Navigation/install/udh1_gazebo/share/udh1_gazebo/local_setup.bash
[0.232s] -- Up-to-date symlink: /home/joao/Navigation/install/udh1_gazebo/share/udh1_gazebo/local_setup.sh
[0.232s] -- Up-to-date symlink: /home/joao/Navigation/install/udh1_gazebo/share/udh1_gazebo/local_setup.zsh
[0.232s] -- Up-to-date symlink: /home/joao/Navigation/install/udh1_gazebo/share/udh1_gazebo/local_setup.dsv
[0.233s] -- Symlinking: /home/joao/Navigation/install/udh1_gazebo/share/udh1_gazebo/package.dsv
[0.243s] -- Up-to-date symlink: /home/joao/Navigation/install/udh1_gazebo/share/ament_index/resource_index/packages/udh1_gazebo
[0.243s] -- Up-to-date symlink: /home/joao/Navigation/install/udh1_gazebo/share/udh1_gazebo/cmake/udh1_gazeboConfig.cmake
[0.243s] -- Up-to-date symlink: /home/joao/Navigation/install/udh1_gazebo/share/udh1_gazebo/cmake/udh1_gazeboConfig-version.cmake
[0.243s] -- Up-to-date symlink: /home/joao/Navigation/install/udh1_gazebo/share/udh1_gazebo/package.xml
[0.245s] Invoked command in '/home/joao/Navigation/build/udh1_gazebo' returned '0': CMAKE_PREFIX_PATH=/home/joao/Navigation/install/udh1_description:/home/joao/Navigation/install/udh1_gazebo:/home/joao/Navigation/install/sllidar_ros2:/home/joao/Navigation/install/udh1_mapping:/home/joao/Navigation/install/serial_com_py:/home/joao/Navigation/install/my_robot_bringup:/opt/ros/humble /usr/bin/cmake --install /home/joao/Navigation/build/udh1_gazebo
