[0.014s] Invoking command in '/home/joao/Navigation/build/udh1_gazebo': AMENT_PREFIX_PATH=/home/joao/Navigation/install/udh1_description:${AMENT_PREFIX_PATH} CMAKE_PREFIX_PATH=/home/joao/Navigation/install/udh1_description:/opt/ros/humble /usr/bin/cmake /home/joao/Navigation/src/udh1_gazebo -DCMAKE_INSTALL_PREFIX=/home/joao/Navigation/install/udh1_gazebo
[0.103s] -- The C compiler identification is GNU 11.4.0
[0.182s] -- The CXX compiler identification is GNU 11.4.0
[0.190s] -- Detecting C compiler ABI info
[0.262s] -- Detecting C compiler ABI info - done
[0.267s] -- Check for working C compiler: /usr/bin/cc - skipped
[0.267s] -- Detecting C compile features
[0.268s] -- Detecting C compile features - done
[0.270s] -- Detecting CXX compiler ABI info
[0.352s] -- Detecting CXX compiler ABI info - done
[0.356s] -- Check for working CXX compiler: /usr/bin/c++ - skipped
[0.357s] -- Detecting CXX compile features
[0.357s] -- Detecting CXX compile features - done
[0.361s] -- Found ament_cmake: 1.3.14 (/opt/ros/humble/share/ament_cmake/cmake)
[0.492s] -- Found Python3: /usr/bin/python3 (found version "3.10.12") found components: Interpreter 
[0.635s] -- Configuring done
[0.638s] -- Generating done
[0.640s] -- Build files have been written to: /home/joao/Navigation/build/udh1_gazebo
[0.647s] Invoked command in '/home/joao/Navigation/build/udh1_gazebo' returned '0': AMENT_PREFIX_PATH=/home/joao/Navigation/install/udh1_description:${AMENT_PREFIX_PATH} CMAKE_PREFIX_PATH=/home/joao/Navigation/install/udh1_description:/opt/ros/humble /usr/bin/cmake /home/joao/Navigation/src/udh1_gazebo -DCMAKE_INSTALL_PREFIX=/home/joao/Navigation/install/udh1_gazebo
[0.649s] Invoking command in '/home/joao/Navigation/build/udh1_gazebo': AMENT_PREFIX_PATH=/home/joao/Navigation/install/udh1_description:${AMENT_PREFIX_PATH} CMAKE_PREFIX_PATH=/home/joao/Navigation/install/udh1_description:/opt/ros/humble /usr/bin/cmake --build /home/joao/Navigation/build/udh1_gazebo -- -j16 -l16
[0.697s] Invoked command in '/home/joao/Navigation/build/udh1_gazebo' returned '0': AMENT_PREFIX_PATH=/home/joao/Navigation/install/udh1_description:${AMENT_PREFIX_PATH} CMAKE_PREFIX_PATH=/home/joao/Navigation/install/udh1_description:/opt/ros/humble /usr/bin/cmake --build /home/joao/Navigation/build/udh1_gazebo -- -j16 -l16
[0.710s] Invoking command in '/home/joao/Navigation/build/udh1_gazebo': AMENT_PREFIX_PATH=/home/joao/Navigation/install/udh1_description:${AMENT_PREFIX_PATH} CMAKE_PREFIX_PATH=/home/joao/Navigation/install/udh1_description:/opt/ros/humble /usr/bin/cmake --install /home/joao/Navigation/build/udh1_gazebo
[0.718s] -- Install configuration: ""
[0.718s] -- Installing: /home/joao/Navigation/install/udh1_gazebo/share/udh1_gazebo/launch
[0.718s] -- Installing: /home/joao/Navigation/install/udh1_gazebo/share/udh1_gazebo/launch/gazebo.launch.py
[0.718s] -- Installing: /home/joao/Navigation/install/udh1_gazebo/share/udh1_gazebo/worlds
[0.718s] -- Installing: /home/joao/Navigation/install/udh1_gazebo/share/udh1_gazebo/worlds/udh1_world.world
[0.718s] -- Installing: /home/joao/Navigation/install/udh1_gazebo/share/ament_index/resource_index/package_run_dependencies/udh1_gazebo
[0.718s] -- Installing: /home/joao/Navigation/install/udh1_gazebo/share/ament_index/resource_index/parent_prefix_path/udh1_gazebo
[0.718s] -- Installing: /home/joao/Navigation/install/udh1_gazebo/share/udh1_gazebo/environment/ament_prefix_path.sh
[0.719s] -- Installing: /home/joao/Navigation/install/udh1_gazebo/share/udh1_gazebo/environment/ament_prefix_path.dsv
[0.719s] -- Installing: /home/joao/Navigation/install/udh1_gazebo/share/udh1_gazebo/environment/path.sh
[0.719s] -- Installing: /home/joao/Navigation/install/udh1_gazebo/share/udh1_gazebo/environment/path.dsv
[0.719s] -- Installing: /home/joao/Navigation/install/udh1_gazebo/share/udh1_gazebo/local_setup.bash
[0.719s] -- Installing: /home/joao/Navigation/install/udh1_gazebo/share/udh1_gazebo/local_setup.sh
[0.719s] -- Installing: /home/joao/Navigation/install/udh1_gazebo/share/udh1_gazebo/local_setup.zsh
[0.719s] -- Installing: /home/joao/Navigation/install/udh1_gazebo/share/udh1_gazebo/local_setup.dsv
[0.720s] -- Installing: /home/joao/Navigation/install/udh1_gazebo/share/udh1_gazebo/package.dsv
[0.720s] -- Installing: /home/joao/Navigation/install/udh1_gazebo/share/ament_index/resource_index/packages/udh1_gazebo
[0.720s] -- Installing: /home/joao/Navigation/install/udh1_gazebo/share/udh1_gazebo/cmake/udh1_gazeboConfig.cmake
[0.720s] -- Installing: /home/joao/Navigation/install/udh1_gazebo/share/udh1_gazebo/cmake/udh1_gazeboConfig-version.cmake
[0.720s] -- Installing: /home/joao/Navigation/install/udh1_gazebo/share/udh1_gazebo/package.xml
[0.724s] Invoked command in '/home/joao/Navigation/build/udh1_gazebo' returned '0': AMENT_PREFIX_PATH=/home/joao/Navigation/install/udh1_description:${AMENT_PREFIX_PATH} CMAKE_PREFIX_PATH=/home/joao/Navigation/install/udh1_description:/opt/ros/humble /usr/bin/cmake --install /home/joao/Navigation/build/udh1_gazebo
