[0.396s] Invoking command in '/home/joao/Navigation/build/udh1_description': CMAKE_PREFIX_PATH=/opt/ros/humble ROS_DOMAIN_ID=87 /usr/bin/cmake /home/joao/Navigation/src/udh1_description -DAMENT_CMAKE_SYMLINK_INSTALL=1 -DCMAKE_INSTALL_PREFIX=/home/joao/Navigation/install/udh1_description
[0.405s] -- Found ament_cmake: 1.3.14 (/opt/ros/humble/share/ament_cmake/cmake)
[0.499s] -- Override CMake install command with custom implementation using symlinks instead of copying resources
[0.505s] -- Found ament_lint_auto: 0.12.15 (/opt/ros/humble/share/ament_lint_auto/cmake)
[0.561s] -- Added test 'flake8' to check Python code syntax and style conventions
[0.561s] -- Added test 'lint_cmake' to check CMake code style
[0.561s] -- Added test 'pep257' to check Python code against some of the docstring style conventions in PEP 257
[0.562s] -- Added test 'xmllint' to check XML markup files
[0.562s] -- Configuring done
[0.565s] -- Generating done
[0.566s] -- Build files have been written to: /home/joao/Navigation/build/udh1_description
[0.608s] Invoked command in '/home/joao/Navigation/build/udh1_description' returned '0': CMAKE_PREFIX_PATH=/opt/ros/humble ROS_DOMAIN_ID=87 /usr/bin/cmake /home/joao/Navigation/src/udh1_description -DAMENT_CMAKE_SYMLINK_INSTALL=1 -DCMAKE_INSTALL_PREFIX=/home/joao/Navigation/install/udh1_description
[0.609s] Invoking command in '/home/joao/Navigation/build/udh1_description': CMAKE_PREFIX_PATH=/opt/ros/humble ROS_DOMAIN_ID=87 /usr/bin/cmake --build /home/joao/Navigation/build/udh1_description -- -j16 -l16
[0.650s] Invoked command in '/home/joao/Navigation/build/udh1_description' returned '0': CMAKE_PREFIX_PATH=/opt/ros/humble ROS_DOMAIN_ID=87 /usr/bin/cmake --build /home/joao/Navigation/build/udh1_description -- -j16 -l16
[0.660s] Invoking command in '/home/joao/Navigation/build/udh1_description': CMAKE_PREFIX_PATH=/opt/ros/humble ROS_DOMAIN_ID=87 /usr/bin/cmake --install /home/joao/Navigation/build/udh1_description
[0.668s] -- Install configuration: ""
[0.668s] -- Execute custom install script
[0.668s] -- Symlinking: /home/joao/Navigation/install/udh1_description/share/udh1_description/urdf/udh1.urdf
[0.677s] -- Symlinking: /home/joao/Navigation/install/udh1_description/share/udh1_description/launch/display.launch.py
[0.686s] -- Symlinking: /home/joao/Navigation/install/udh1_description/share/udh1_description/rviz/udh1_config.rviz
[0.694s] [31mCMake Error at ament_cmake_symlink_install/ament_cmake_symlink_install.cmake:105 (message):
[0.694s]   ament_cmake_symlink_install_directory() can't find
[0.694s]   '/home/joao/Navigation/src/udh1_description/meshes'
[0.694s] Call Stack (most recent call first):
[0.694s]   ament_cmake_symlink_install/ament_cmake_symlink_install.cmake:319 (ament_cmake_symlink_install_directory)
[0.694s]   cmake_install.cmake:46 (include)
[0.695s] 
[0.695s] [0m
[0.696s] Invoked command in '/home/joao/Navigation/build/udh1_description' returned '1': CMAKE_PREFIX_PATH=/opt/ros/humble ROS_DOMAIN_ID=87 /usr/bin/cmake --install /home/joao/Navigation/build/udh1_description
