[0.012s] Invoking command in '/home/joao/Navigation/build/udh1_description': CMAKE_PREFIX_PATH=/opt/ros/humble /usr/bin/cmake --build /home/joao/Navigation/build/udh1_description -- -j16 -l16
[0.051s] Invoked command in '/home/joao/Navigation/build/udh1_description' returned '0': CMAKE_PREFIX_PATH=/opt/ros/humble /usr/bin/cmake --build /home/joao/Navigation/build/udh1_description -- -j16 -l16
[0.061s] Invoking command in '/home/joao/Navigation/build/udh1_description': CMAKE_PREFIX_PATH=/opt/ros/humble /usr/bin/cmake --install /home/joao/Navigation/build/udh1_description
[0.068s] -- Install configuration: ""
[0.069s] -- Execute custom install script
[0.069s] -- Up-to-date symlink: /home/joao/Navigation/install/udh1_description/share/udh1_description/urdf/udh1.gazebo.xacro
[0.069s] -- Up-to-date symlink: /home/joao/Navigation/install/udh1_description/share/udh1_description/urdf/udh1.urdf.xacro
[0.069s] -- Up-to-date symlink: /home/joao/Navigation/install/udh1_description/share/udh1_description/launch/display.launch.py
[0.069s] -- Up-to-date symlink: /home/joao/Navigation/install/udh1_description/share/udh1_description/rviz/udh1_config.rviz
[0.070s] -- Up-to-date symlink: /home/joao/Navigation/install/udh1_description/share/ament_index/resource_index/package_run_dependencies/udh1_description
[0.070s] -- Up-to-date symlink: /home/joao/Navigation/install/udh1_description/share/ament_index/resource_index/parent_prefix_path/udh1_description
[0.070s] -- Up-to-date symlink: /home/joao/Navigation/install/udh1_description/share/udh1_description/environment/ament_prefix_path.sh
[0.070s] -- Up-to-date symlink: /home/joao/Navigation/install/udh1_description/share/udh1_description/environment/ament_prefix_path.dsv
[0.070s] -- Up-to-date symlink: /home/joao/Navigation/install/udh1_description/share/udh1_description/environment/path.sh
[0.070s] -- Up-to-date symlink: /home/joao/Navigation/install/udh1_description/share/udh1_description/environment/path.dsv
[0.070s] -- Up-to-date symlink: /home/joao/Navigation/install/udh1_description/share/udh1_description/local_setup.bash
[0.070s] -- Up-to-date symlink: /home/joao/Navigation/install/udh1_description/share/udh1_description/local_setup.sh
[0.071s] -- Up-to-date symlink: /home/joao/Navigation/install/udh1_description/share/udh1_description/local_setup.zsh
[0.071s] -- Up-to-date symlink: /home/joao/Navigation/install/udh1_description/share/udh1_description/local_setup.dsv
[0.071s] -- Symlinking: /home/joao/Navigation/install/udh1_description/share/udh1_description/package.dsv
[0.080s] -- Up-to-date symlink: /home/joao/Navigation/install/udh1_description/share/ament_index/resource_index/packages/udh1_description
[0.080s] -- Up-to-date symlink: /home/joao/Navigation/install/udh1_description/share/udh1_description/cmake/udh1_descriptionConfig.cmake
[0.080s] -- Up-to-date symlink: /home/joao/Navigation/install/udh1_description/share/udh1_description/cmake/udh1_descriptionConfig-version.cmake
[0.080s] -- Up-to-date symlink: /home/joao/Navigation/install/udh1_description/share/udh1_description/package.xml
[0.082s] Invoked command in '/home/joao/Navigation/build/udh1_description' returned '0': CMAKE_PREFIX_PATH=/opt/ros/humble /usr/bin/cmake --install /home/joao/Navigation/build/udh1_description
