[0.931s] Invoking command in '/home/joao/Navigation/build/serial_com_py': PYTHONPATH=/home/joao/Navigation/build/serial_com_py/prefix_override:/usr/lib/python3/dist-packages/colcon_core/task/python/colcon_distutils_commands:/home/joao/Navigation/install/serial_com_py/lib/python3.10/site-packages:${PYTHONPATH} ROS_DOMAIN_ID=77 /usr/bin/python3 -W ignore:setup.py install is deprecated -W ignore:easy_install command is deprecated setup.py develop --editable --build-directory /home/joao/Navigation/build/serial_com_py/build --no-deps symlink_data --force
[1.132s] running develop
[1.259s] running egg_info
[1.259s] writing serial_com_py.egg-info/PKG-INFO
[1.259s] writing dependency_links to serial_com_py.egg-info/dependency_links.txt
[1.259s] writing entry points to serial_com_py.egg-info/entry_points.txt
[1.259s] writing requirements to serial_com_py.egg-info/requires.txt
[1.260s] writing top-level names to serial_com_py.egg-info/top_level.txt
[1.261s] reading manifest file 'serial_com_py.egg-info/SOURCES.txt'
[1.262s] writing manifest file 'serial_com_py.egg-info/SOURCES.txt'
[1.263s] running build_ext
[1.263s] Creating /home/joao/Navigation/install/serial_com_py/lib/python3.10/site-packages/serial-com-py.egg-link (link to .)
[1.263s] Installing base_driver script to /home/joao/Navigation/install/serial_com_py/lib/serial_com_py
[1.263s] Installing base_driver_pulse script to /home/joao/Navigation/install/serial_com_py/lib/serial_com_py
[1.264s] 
[1.264s] Installed /home/joao/Navigation/build/serial_com_py
[1.264s] running symlink_data
[1.264s] symbolically linking /home/joao/Navigation/build/serial_com_py/resource/serial_com_py -> /home/joao/Navigation/install/serial_com_py/share/ament_index/resource_index/packages
[1.264s] symbolically linking /home/joao/Navigation/build/serial_com_py/package.xml -> /home/joao/Navigation/install/serial_com_py/share/serial_com_py
[1.308s] Invoked command in '/home/joao/Navigation/build/serial_com_py' returned '0': PYTHONPATH=/home/joao/Navigation/build/serial_com_py/prefix_override:/usr/lib/python3/dist-packages/colcon_core/task/python/colcon_distutils_commands:/home/joao/Navigation/install/serial_com_py/lib/python3.10/site-packages:${PYTHONPATH} ROS_DOMAIN_ID=77 /usr/bin/python3 -W ignore:setup.py install is deprecated -W ignore:easy_install command is deprecated setup.py develop --editable --build-directory /home/joao/Navigation/build/serial_com_py/build --no-deps symlink_data --force
