[1.057s] Invoking command in '/home/joao/Navigation/build/udh1_mapping': PYTHONPATH=/home/joao/Navigation/build/udh1_mapping/prefix_override:/usr/lib/python3/dist-packages/colcon_core/task/python/colcon_distutils_commands:/home/joao/Navigation/install/udh1_mapping/lib/python3.10/site-packages:${PYTHONPATH} ROS_DOMAIN_ID=78 /usr/bin/python3 -W ignore:setup.py install is deprecated -W ignore:easy_install command is deprecated setup.py develop --editable --build-directory /home/joao/Navigation/build/udh1_mapping/build --no-deps symlink_data --force
[1.266s] running develop
[1.395s] running egg_info
[1.396s] writing udh1_mapping.egg-info/PKG-INFO
[1.396s] writing dependency_links to udh1_mapping.egg-info/dependency_links.txt
[1.396s] writing entry points to udh1_mapping.egg-info/entry_points.txt
[1.396s] writing requirements to udh1_mapping.egg-info/requires.txt
[1.396s] writing top-level names to udh1_mapping.egg-info/top_level.txt
[1.399s] reading manifest file 'udh1_mapping.egg-info/SOURCES.txt'
[1.400s] writing manifest file 'udh1_mapping.egg-info/SOURCES.txt'
[1.402s] running build_ext
[1.402s] Creating /home/joao/Navigation/install/udh1_mapping/lib/python3.10/site-packages/udh1-mapping.egg-link (link to .)
[1.403s] 
[1.404s] Installed /home/joao/Navigation/build/udh1_mapping
[1.404s] running symlink_data
[1.404s] symbolically linking /home/joao/Navigation/build/udh1_mapping/resource/udh1_mapping -> /home/joao/Navigation/install/udh1_mapping/share/ament_index/resource_index/packages
[1.404s] symbolically linking /home/joao/Navigation/build/udh1_mapping/package.xml -> /home/joao/Navigation/install/udh1_mapping/share/udh1_mapping
[1.404s] symbolically linking /home/joao/Navigation/build/udh1_mapping/launch/launch.py -> /home/joao/Navigation/install/udh1_mapping/share/udh1_mapping/launch
[1.404s] symbolically linking /home/joao/Navigation/build/udh1_mapping/launch/filter_launch.py -> /home/joao/Navigation/install/udh1_mapping/share/udh1_mapping/launch
[1.404s] symbolically linking /home/joao/Navigation/build/udh1_mapping/config/laser_filters.yaml -> /home/joao/Navigation/install/udh1_mapping/share/udh1_mapping/config
[1.404s] symbolically linking /home/joao/Navigation/build/udh1_mapping/config/nav2_params_sim.yaml -> /home/joao/Navigation/install/udh1_mapping/share/udh1_mapping/config
[1.405s] symbolically linking /home/joao/Navigation/build/udh1_mapping/config/nav2_params_realsense.yaml -> /home/joao/Navigation/install/udh1_mapping/share/udh1_mapping/config
[1.405s] symbolically linking /home/joao/Navigation/build/udh1_mapping/config/mapper_params_online_async.yaml -> /home/joao/Navigation/install/udh1_mapping/share/udh1_mapping/config
[1.405s] symbolically linking /home/joao/Navigation/build/udh1_mapping/config/nav2_params.yaml -> /home/joao/Navigation/install/udh1_mapping/share/udh1_mapping/config
[1.479s] Invoked command in '/home/joao/Navigation/build/udh1_mapping' returned '0': PYTHONPATH=/home/joao/Navigation/build/udh1_mapping/prefix_override:/usr/lib/python3/dist-packages/colcon_core/task/python/colcon_distutils_commands:/home/joao/Navigation/install/udh1_mapping/lib/python3.10/site-packages:${PYTHONPATH} ROS_DOMAIN_ID=78 /usr/bin/python3 -W ignore:setup.py install is deprecated -W ignore:easy_install command is deprecated setup.py develop --editable --build-directory /home/joao/Navigation/build/udh1_mapping/build --no-deps symlink_data --force
