running egg_info
creating ../../build/serial_com_py/serial_com_py.egg-info
writing ../../build/serial_com_py/serial_com_py.egg-info/PKG-INFO
writing dependency_links to ../../build/serial_com_py/serial_com_py.egg-info/dependency_links.txt
writing entry points to ../../build/serial_com_py/serial_com_py.egg-info/entry_points.txt
writing requirements to ../../build/serial_com_py/serial_com_py.egg-info/requires.txt
writing top-level names to ../../build/serial_com_py/serial_com_py.egg-info/top_level.txt
writing manifest file '../../build/serial_com_py/serial_com_py.egg-info/SOURCES.txt'
reading manifest file '../../build/serial_com_py/serial_com_py.egg-info/SOURCES.txt'
writing manifest file '../../build/serial_com_py/serial_com_py.egg-info/SOURCES.txt'
running build
running build_py
creating /home/joao/Navigation/build/serial_com_py/build
creating /home/joao/Navigation/build/serial_com_py/build/lib
creating /home/joao/Navigation/build/serial_com_py/build/lib/serial_com_py
copying serial_com_py/__init__.py -> /home/joao/Navigation/build/serial_com_py/build/lib/serial_com_py
copying serial_com_py/base_driver_pulse.py -> /home/joao/Navigation/build/serial_com_py/build/lib/serial_com_py
copying serial_com_py/base_driver.py -> /home/joao/Navigation/build/serial_com_py/build/lib/serial_com_py
running install
running install_lib
creating /home/joao/Navigation/install/serial_com_py/lib/python3.10/site-packages/serial_com_py
copying /home/joao/Navigation/build/serial_com_py/build/lib/serial_com_py/__init__.py -> /home/joao/Navigation/install/serial_com_py/lib/python3.10/site-packages/serial_com_py
copying /home/joao/Navigation/build/serial_com_py/build/lib/serial_com_py/base_driver_pulse.py -> /home/joao/Navigation/install/serial_com_py/lib/python3.10/site-packages/serial_com_py
copying /home/joao/Navigation/build/serial_com_py/build/lib/serial_com_py/base_driver.py -> /home/joao/Navigation/install/serial_com_py/lib/python3.10/site-packages/serial_com_py
byte-compiling /home/joao/Navigation/install/serial_com_py/lib/python3.10/site-packages/serial_com_py/__init__.py to __init__.cpython-310.pyc
byte-compiling /home/joao/Navigation/install/serial_com_py/lib/python3.10/site-packages/serial_com_py/base_driver_pulse.py to base_driver_pulse.cpython-310.pyc
byte-compiling /home/joao/Navigation/install/serial_com_py/lib/python3.10/site-packages/serial_com_py/base_driver.py to base_driver.cpython-310.pyc
running install_data
creating /home/joao/Navigation/install/serial_com_py/share/ament_index
creating /home/joao/Navigation/install/serial_com_py/share/ament_index/resource_index
creating /home/joao/Navigation/install/serial_com_py/share/ament_index/resource_index/packages
copying resource/serial_com_py -> /home/joao/Navigation/install/serial_com_py/share/ament_index/resource_index/packages
copying package.xml -> /home/joao/Navigation/install/serial_com_py/share/serial_com_py
running install_egg_info
Copying ../../build/serial_com_py/serial_com_py.egg-info to /home/joao/Navigation/install/serial_com_py/lib/python3.10/site-packages/serial_com_py-0.0.0-py3.10.egg-info
running install_scripts
Installing base_driver script to /home/joao/Navigation/install/serial_com_py/lib/serial_com_py
Installing base_driver_pulse script to /home/joao/Navigation/install/serial_com_py/lib/serial_com_py
writing list of installed files to '/home/joao/Navigation/build/serial_com_py/install.log'
