[0.931s] Invoking command in '/home/joao/Navigation/src/serial_com_py': PYTHONPATH=/home/joao/Navigation/build/serial_com_py/prefix_override:/usr/lib/python3/dist-packages/colcon_core/task/python/colcon_distutils_commands:/home/joao/Navigation/install/serial_com_py/lib/python3.10/site-packages:${PYTHONPATH} ROS_DOMAIN_ID=10 /usr/bin/python3 -W ignore:setup.py install is deprecated -W ignore:easy_install command is deprecated setup.py egg_info --egg-base ../../build/serial_com_py build --build-base /home/joao/Navigation/build/serial_com_py/build install --record /home/joao/Navigation/build/serial_com_py/install.log --single-version-externally-managed install_data
[1.120s] running egg_info
[1.121s] creating ../../build/serial_com_py/serial_com_py.egg-info
[1.121s] writing ../../build/serial_com_py/serial_com_py.egg-info/PKG-INFO
[1.121s] writing dependency_links to ../../build/serial_com_py/serial_com_py.egg-info/dependency_links.txt
[1.121s] writing entry points to ../../build/serial_com_py/serial_com_py.egg-info/entry_points.txt
[1.121s] writing requirements to ../../build/serial_com_py/serial_com_py.egg-info/requires.txt
[1.121s] writing top-level names to ../../build/serial_com_py/serial_com_py.egg-info/top_level.txt
[1.122s] writing manifest file '../../build/serial_com_py/serial_com_py.egg-info/SOURCES.txt'
[1.123s] reading manifest file '../../build/serial_com_py/serial_com_py.egg-info/SOURCES.txt'
[1.123s] writing manifest file '../../build/serial_com_py/serial_com_py.egg-info/SOURCES.txt'
[1.123s] running build
[1.123s] running build_py
[1.124s] creating /home/joao/Navigation/build/serial_com_py/build
[1.124s] creating /home/joao/Navigation/build/serial_com_py/build/lib
[1.124s] creating /home/joao/Navigation/build/serial_com_py/build/lib/serial_com_py
[1.124s] copying serial_com_py/__init__.py -> /home/joao/Navigation/build/serial_com_py/build/lib/serial_com_py
[1.124s] copying serial_com_py/base_driver_pulse.py -> /home/joao/Navigation/build/serial_com_py/build/lib/serial_com_py
[1.124s] copying serial_com_py/base_driver.py -> /home/joao/Navigation/build/serial_com_py/build/lib/serial_com_py
[1.124s] running install
[1.124s] running install_lib
[1.125s] creating /home/joao/Navigation/install/serial_com_py/lib/python3.10/site-packages/serial_com_py
[1.125s] copying /home/joao/Navigation/build/serial_com_py/build/lib/serial_com_py/__init__.py -> /home/joao/Navigation/install/serial_com_py/lib/python3.10/site-packages/serial_com_py
[1.125s] copying /home/joao/Navigation/build/serial_com_py/build/lib/serial_com_py/base_driver_pulse.py -> /home/joao/Navigation/install/serial_com_py/lib/python3.10/site-packages/serial_com_py
[1.125s] copying /home/joao/Navigation/build/serial_com_py/build/lib/serial_com_py/base_driver.py -> /home/joao/Navigation/install/serial_com_py/lib/python3.10/site-packages/serial_com_py
[1.126s] byte-compiling /home/joao/Navigation/install/serial_com_py/lib/python3.10/site-packages/serial_com_py/__init__.py to __init__.cpython-310.pyc
[1.126s] byte-compiling /home/joao/Navigation/install/serial_com_py/lib/python3.10/site-packages/serial_com_py/base_driver_pulse.py to base_driver_pulse.cpython-310.pyc
[1.127s] byte-compiling /home/joao/Navigation/install/serial_com_py/lib/python3.10/site-packages/serial_com_py/base_driver.py to base_driver.cpython-310.pyc
[1.128s] running install_data
[1.128s] creating /home/joao/Navigation/install/serial_com_py/share/ament_index
[1.128s] creating /home/joao/Navigation/install/serial_com_py/share/ament_index/resource_index
[1.128s] creating /home/joao/Navigation/install/serial_com_py/share/ament_index/resource_index/packages
[1.128s] copying resource/serial_com_py -> /home/joao/Navigation/install/serial_com_py/share/ament_index/resource_index/packages
[1.129s] copying package.xml -> /home/joao/Navigation/install/serial_com_py/share/serial_com_py
[1.129s] running install_egg_info
[1.130s] Copying ../../build/serial_com_py/serial_com_py.egg-info to /home/joao/Navigation/install/serial_com_py/lib/python3.10/site-packages/serial_com_py-0.0.0-py3.10.egg-info
[1.131s] running install_scripts
[1.148s] Installing base_driver script to /home/joao/Navigation/install/serial_com_py/lib/serial_com_py
[1.148s] Installing base_driver_pulse script to /home/joao/Navigation/install/serial_com_py/lib/serial_com_py
[1.149s] writing list of installed files to '/home/joao/Navigation/build/serial_com_py/install.log'
